2024-11-12 10:09:46  [ main:0 ] - [ DEBUG ] -- Start encrypt data...
2024-11-12 10:09:46  [ main:16 ] - [ WARN ] -- You provide block's size is not equal blockSize,try to reset it...
2024-11-12 10:09:46  [ main:18 ] - [ INFO ] -- Total 18 blocks to encrypt
2024-11-12 10:09:48  [ main:1594 ] - [ DEBUG ] -- Current string => 000000000000000000000000000000350e0e0e0e0e0e0e0e0e0e0e0e0e0e0e0e, the 18 block
2024-11-12 10:09:50  [ main:3913 ] - [ DEBUG ] -- Current string => 000000000000000000000000000094350e0e0e0e0e0e0e0e0e0e0e0e0e0e0e0e, the 18 block
2024-11-12 10:09:53  [ main:6311 ] - [ DEBUG ] -- Current string => 00000000000000000000000000b094350e0e0e0e0e0e0e0e0e0e0e0e0e0e0e0e, the 18 block
2024-11-12 10:09:53  [ main:6879 ] - [ DEBUG ] -- Current string => 00000000000000000000000029b094350e0e0e0e0e0e0e0e0e0e0e0e0e0e0e0e, the 18 block
2024-11-12 10:09:54  [ main:7927 ] - [ DEBUG ] -- Current string => 00000000000000000000005529b094350e0e0e0e0e0e0e0e0e0e0e0e0e0e0e0e, the 18 block
2024-11-12 10:09:57  [ main:10608 ] - [ DEBUG ] -- Current string => 00000000000000000000d15529b094350e0e0e0e0e0e0e0e0e0e0e0e0e0e0e0e, the 18 block
2024-11-12 10:09:57  [ main:10901 ] - [ DEBUG ] -- Current string => 00000000000000000011d15529b094350e0e0e0e0e0e0e0e0e0e0e0e0e0e0e0e, the 18 block
2024-11-12 10:09:57  [ main:10947 ] - [ DEBUG ] -- Current string => 00000000000000000a11d15529b094350e0e0e0e0e0e0e0e0e0e0e0e0e0e0e0e, the 18 block
2024-11-12 10:09:58  [ main:11789 ] - [ DEBUG ] -- Current string => 000000000000004a0a11d15529b094350e0e0e0e0e0e0e0e0e0e0e0e0e0e0e0e, the 18 block
2024-11-12 10:09:59  [ main:12865 ] - [ DEBUG ] -- Current string => 0000000000005e4a0a11d15529b094350e0e0e0e0e0e0e0e0e0e0e0e0e0e0e0e, the 18 block
2024-11-12 10:10:01  [ main:14440 ] - [ DEBUG ] -- Current string => 00000000007f5e4a0a11d15529b094350e0e0e0e0e0e0e0e0e0e0e0e0e0e0e0e, the 18 block
2024-11-12 10:10:02  [ main:15703 ] - [ DEBUG ] -- Current string => 000000005a7f5e4a0a11d15529b094350e0e0e0e0e0e0e0e0e0e0e0e0e0e0e0e, the 18 block
2024-11-12 10:10:04  [ main:18052 ] - [ DEBUG ] -- Current string => 000000c05a7f5e4a0a11d15529b094350e0e0e0e0e0e0e0e0e0e0e0e0e0e0e0e, the 18 block
2024-11-12 10:10:05  [ main:18589 ] - [ DEBUG ] -- Current string => 000013c05a7f5e4a0a11d15529b094350e0e0e0e0e0e0e0e0e0e0e0e0e0e0e0e, the 18 block
2024-11-12 10:10:08  [ main:21557 ] - [ DEBUG ] -- Current string => 00f113c05a7f5e4a0a11d15529b094350e0e0e0e0e0e0e0e0e0e0e0e0e0e0e0e, the 18 block
2024-11-12 10:10:08  [ main:22123 ] - [ DEBUG ] -- Current string => 22f113c05a7f5e4a0a11d15529b094350e0e0e0e0e0e0e0e0e0e0e0e0e0e0e0e, the 18 block
2024-11-12 10:10:08  [ main:22124 ] - [ INFO ] -- Left 17 blocks to encrypt
2024-11-12 10:10:12  [ main:25481 ] - [ DEBUG ] -- Current string => 000000000000000000000000000000e622f113c05a7f5e320219d95d21b89c3d, the 17 block
2024-11-12 10:10:13  [ main:27271 ] - [ DEBUG ] -- Current string => 000000000000000000000000000092e622f113c05a7f5e320219d95d21b89c3d, the 17 block
2024-11-12 10:10:17  [ main:30392 ] - [ DEBUG ] -- Current string => 00000000000000000000000000ba92e622f113c05a7f5e320219d95d21b89c3d, the 17 block
2024-11-12 10:10:20  [ main:33615 ] - [ DEBUG ] -- Current string => 000000000000000000000000e9ba92e622f113c05a7f5e320219d95d21b89c3d, the 17 block
2024-11-12 10:10:22  [ main:36055 ] - [ DEBUG ] -- Current string => 0000000000000000000000d7e9ba92e622f113c05a7f5e320219d95d21b89c3d, the 17 block
2024-11-12 10:10:25  [ main:39070 ] - [ DEBUG ] -- Current string => 00000000000000000000e3d7e9ba92e622f113c05a7f5e320219d95d21b89c3d, the 17 block
2024-11-12 10:10:25  [ main:39137 ] - [ DEBUG ] -- Current string => 00000000000000000002e3d7e9ba92e622f113c05a7f5e320219d95d21b89c3d, the 17 block
2024-11-12 10:10:28  [ main:41997 ] - [ DEBUG ] -- Current string => 0000000000000000e502e3d7e9ba92e622f113c05a7f5e320219d95d21b89c3d, the 17 block
2024-11-12 10:10:30  [ main:44086 ] - [ DEBUG ] -- Current string => 00000000000000b8e502e3d7e9ba92e622f113c05a7f5e320219d95d21b89c3d, the 17 block
2024-11-12 10:10:33  [ main:47089 ] - [ DEBUG ] -- Current string => 000000000000e6b8e502e3d7e9ba92e622f113c05a7f5e320219d95d21b89c3d, the 17 block
2024-11-12 10:10:34  [ main:47856 ] - [ DEBUG ] -- Current string => 000000000036e6b8e502e3d7e9ba92e622f113c05a7f5e320219d95d21b89c3d, the 17 block
2024-11-12 10:10:35  [ main:48335 ] - [ DEBUG ] -- Current string => 000000002736e6b8e502e3d7e9ba92e622f113c05a7f5e320219d95d21b89c3d, the 17 block
2024-11-12 10:10:36  [ main:49655 ] - [ DEBUG ] -- Current string => 000000792736e6b8e502e3d7e9ba92e622f113c05a7f5e320219d95d21b89c3d, the 17 block
2024-11-12 10:10:38  [ main:51861 ] - [ DEBUG ] -- Current string => 0000cb792736e6b8e502e3d7e9ba92e622f113c05a7f5e320219d95d21b89c3d, the 17 block
2024-11-12 10:10:41  [ main:54583 ] - [ DEBUG ] -- Current string => 00e2cb792736e6b8e502e3d7e9ba92e622f113c05a7f5e320219d95d21b89c3d, the 17 block
2024-11-12 10:10:43  [ main:56889 ] - [ DEBUG ] -- Current string => aee2cb792736e6b8e502e3d7e9ba92e622f113c05a7f5e320219d95d21b89c3d, the 17 block
2024-11-12 10:10:43  [ main:56889 ] - [ INFO ] -- Left 16 blocks to encrypt
2024-11-12 10:10:44  [ main:58210 ] - [ DEBUG ] -- Current string => 00000000000000000000000000000078aee2cb7911f411c6e502e3d7e9ba92e6, the 16 block
2024-11-12 10:10:44  [ main:58246 ] - [ DEBUG ] -- Current string => 00000000000000000000000000000078aee2cb7911f411c6e502e3d7e9ba92e6, the 16 block
2024-11-12 10:10:47  [ main:60679 ] - [ DEBUG ] -- Current string => 00000000000000000000000000db0078aee2cb7911f411c6e502e3d7e9ba92e6, the 16 block
2024-11-12 10:10:48  [ main:62258 ] - [ DEBUG ] -- Current string => 00000000000000000000000088db0078aee2cb7911f411c6e502e3d7e9ba92e6, the 16 block
2024-11-12 10:10:51  [ main:65030 ] - [ DEBUG ] -- Current string => 0000000000000000000000ea88db0078aee2cb7911f411c6e502e3d7e9ba92e6, the 16 block
2024-11-12 10:10:53  [ main:66704 ] - [ DEBUG ] -- Current string => 0000000000000000000095ea88db0078aee2cb7911f411c6e502e3d7e9ba92e6, the 16 block
2024-11-12 10:10:55  [ main:68329 ] - [ DEBUG ] -- Current string => 0000000000000000006095ea88db0078aee2cb7911f411c6e502e3d7e9ba92e6, the 16 block
2024-11-12 10:10:56  [ main:69916 ] - [ DEBUG ] -- Current string => 00000000000000007c6095ea88db0078aee2cb7911f411c6e502e3d7e9ba92e6, the 16 block
2024-11-12 10:10:59  [ main:72702 ] - [ DEBUG ] -- Current string => 00000000000000de7c6095ea88db0078aee2cb7911f411c6e502e3d7e9ba92e6, the 16 block
2024-11-12 10:11:01  [ main:75145 ] - [ DEBUG ] -- Current string => 000000000000ccde7c6095ea88db0078aee2cb7911f411c6e502e3d7e9ba92e6, the 16 block
2024-11-12 10:11:02  [ main:75724 ] - [ DEBUG ] -- Current string => 000000000039ccde7c6095ea88db0078aee2cb7911f411c6e502e3d7e9ba92e6, the 16 block
2024-11-12 10:11:05  [ main:78611 ] - [ DEBUG ] -- Current string => 00000000fb39ccde7c6095ea88db0078aee2cb7911f411c6e502e3d7e9ba92e6, the 16 block
2024-11-12 10:11:06  [ main:80142 ] - [ DEBUG ] -- Current string => 00000085fb39ccde7c6095ea88db0078aee2cb7911f411c6e502e3d7e9ba92e6, the 16 block
2024-11-12 10:11:09  [ main:82797 ] - [ DEBUG ] -- Current string => 0000e985fb39ccde7c6095ea88db0078aee2cb7911f411c6e502e3d7e9ba92e6, the 16 block
2024-11-12 10:11:11  [ main:84581 ] - [ DEBUG ] -- Current string => 009be985fb39ccde7c6095ea88db0078aee2cb7911f411c6e502e3d7e9ba92e6, the 16 block
2024-11-12 10:11:12  [ main:86294 ] - [ DEBUG ] -- Current string => 859be985fb39ccde7c6095ea88db0078aee2cb7911f411c6e502e3d7e9ba92e6, the 16 block
2024-11-12 10:11:12  [ main:86294 ] - [ INFO ] -- Left 15 blocks to encrypt
2024-11-12 10:11:15  [ main:88468 ] - [ DEBUG ] -- Current string => 000000000000000000000000000000b1e39be0e9945aadb2140fe69e88db07b7, the 15 block
2024-11-12 10:11:17  [ main:90957 ] - [ DEBUG ] -- Current string => 0000000000000000000000000000e2b1e39be0e9945aadb2140fe69e88db07b7, the 15 block
2024-11-12 10:11:18  [ main:91913 ] - [ DEBUG ] -- Current string => 0000000000000000000000000055e2b1e39be0e9945aadb2140fe69e88db07b7, the 15 block
2024-11-12 10:11:21  [ main:94546 ] - [ DEBUG ] -- Current string => 000000000000000000000000dc55e2b1e39be0e9945aadb2140fe69e88db07b7, the 15 block
2024-11-12 10:11:23  [ main:96747 ] - [ DEBUG ] -- Current string => 000000000000000000000089dc55e2b1e39be0e9945aadb2140fe69e88db07b7, the 15 block
2024-11-12 10:11:23  [ main:97288 ] - [ DEBUG ] -- Current string => 000000000000000000002989dc55e2b1e39be0e9945aadb2140fe69e88db07b7, the 15 block
2024-11-12 10:11:26  [ main:99523 ] - [ DEBUG ] -- Current string => 000000000000000000d72989dc55e2b1e39be0e9945aadb2140fe69e88db07b7, the 15 block
2024-11-12 10:11:26  [ main:100293 ] - [ DEBUG ] -- Current string => 00000000000000004ed72989dc55e2b1e39be0e9945aadb2140fe69e88db07b7, the 15 block
2024-11-12 10:11:28  [ main:101826 ] - [ DEBUG ] -- Current string => 00000000000000804ed72989dc55e2b1e39be0e9945aadb2140fe69e88db07b7, the 15 block
2024-11-12 10:11:30  [ main:104187 ] - [ DEBUG ] -- Current string => 000000000000db804ed72989dc55e2b1e39be0e9945aadb2140fe69e88db07b7, the 15 block
2024-11-12 10:11:31  [ main:105171 ] - [ DEBUG ] -- Current string => 000000000052db804ed72989dc55e2b1e39be0e9945aadb2140fe69e88db07b7, the 15 block
2024-11-12 10:11:33  [ main:106531 ] - [ DEBUG ] -- Current string => 000000007352db804ed72989dc55e2b1e39be0e9945aadb2140fe69e88db07b7, the 15 block
2024-11-12 10:11:35  [ main:108576 ] - [ DEBUG ] -- Current string => 000000a47352db804ed72989dc55e2b1e39be0e9945aadb2140fe69e88db07b7, the 15 block
2024-11-12 10:11:36  [ main:110217 ] - [ DEBUG ] -- Current string => 00009fa47352db804ed72989dc55e2b1e39be0e9945aadb2140fe69e88db07b7, the 15 block
2024-11-12 10:11:39  [ main:112471 ] - [ DEBUG ] -- Current string => 00c69fa47352db804ed72989dc55e2b1e39be0e9945aadb2140fe69e88db07b7, the 15 block
2024-11-12 10:11:40  [ main:113372 ] - [ DEBUG ] -- Current string => 5ec69fa47352db804ed72989dc55e2b1e39be0e9945aadb2140fe69e88db07b7, the 15 block
2024-11-12 10:11:40  [ main:113372 ] - [ INFO ] -- Left 14 blocks to encrypt
2024-11-12 10:11:41  [ main:114489 ] - [ DEBUG ] -- Current string => 0000000000000000000000000000005c5ebeefd34152d1d520be4ae8af21b0d4, the 14 block
2024-11-12 10:11:42  [ main:116107 ] - [ DEBUG ] -- Current string => 0000000000000000000000000000755c5ebeefd34152d1d520be4ae8af21b0d4, the 14 block
2024-11-12 10:11:45  [ main:118428 ] - [ DEBUG ] -- Current string => 00000000000000000000000000d7755c5ebeefd34152d1d520be4ae8af21b0d4, the 14 block
2024-11-12 10:11:46  [ main:119851 ] - [ DEBUG ] -- Current string => 0000000000000000000000006dd7755c5ebeefd34152d1d520be4ae8af21b0d4, the 14 block
2024-11-12 10:11:47  [ main:120828 ] - [ DEBUG ] -- Current string => 0000000000000000000000546dd7755c5ebeefd34152d1d520be4ae8af21b0d4, the 14 block
2024-11-12 10:11:50  [ main:123670 ] - [ DEBUG ] -- Current string => 00000000000000000000e8546dd7755c5ebeefd34152d1d520be4ae8af21b0d4, the 14 block
2024-11-12 10:11:51  [ main:124891 ] - [ DEBUG ] -- Current string => 00000000000000000068e8546dd7755c5ebeefd34152d1d520be4ae8af21b0d4, the 14 block
2024-11-12 10:11:54  [ main:127431 ] - [ DEBUG ] -- Current string => 0000000000000000e568e8546dd7755c5ebeefd34152d1d520be4ae8af21b0d4, the 14 block
2024-11-12 10:11:56  [ main:130149 ] - [ DEBUG ] -- Current string => 00000000000000f7e568e8546dd7755c5ebeefd34152d1d520be4ae8af21b0d4, the 14 block
2024-11-12 10:11:59  [ main:132601 ] - [ DEBUG ] -- Current string => 000000000000c3f7e568e8546dd7755c5ebeefd34152d1d520be4ae8af21b0d4, the 14 block
2024-11-12 10:12:00  [ main:133381 ] - [ DEBUG ] -- Current string => 000000000043c3f7e568e8546dd7755c5ebeefd34152d1d520be4ae8af21b0d4, the 14 block
2024-11-12 10:12:00  [ main:133392 ] - [ DEBUG ] -- Current string => 000000000c43c3f7e568e8546dd7755c5ebeefd34152d1d520be4ae8af21b0d4, the 14 block
2024-11-12 10:12:01  [ main:135029 ] - [ DEBUG ] -- Current string => 000000990c43c3f7e568e8546dd7755c5ebeefd34152d1d520be4ae8af21b0d4, the 14 block
2024-11-12 10:12:02  [ main:136231 ] - [ DEBUG ] -- Current string => 000063990c43c3f7e568e8546dd7755c5ebeefd34152d1d520be4ae8af21b0d4, the 14 block
2024-11-12 10:12:04  [ main:137897 ] - [ DEBUG ] -- Current string => 009b63990c43c3f7e568e8546dd7755c5ebeefd34152d1d520be4ae8af21b0d4, the 14 block
2024-11-12 10:12:07  [ main:140352 ] - [ DEBUG ] -- Current string => ac9b63990c43c3f7e568e8546dd7755c5ebeefd34152d1d520be4ae8af21b0d4, the 14 block
2024-11-12 10:12:07  [ main:140353 ] - [ INFO ] -- Left 13 blocks to encrypt
2024-11-12 10:12:07  [ main:140588 ] - [ DEBUG ] -- Current string => 00000000000000000000000000000017e3f909fc6f37109651f9e4355ec9765c, the 13 block
2024-11-12 10:12:08  [ main:141574 ] - [ DEBUG ] -- Current string => 00000000000000000000000000005817e3f909fc6f37109651f9e4355ec9765c, the 13 block
2024-11-12 10:12:10  [ main:143787 ] - [ DEBUG ] -- Current string => 00000000000000000000000000c25817e3f909fc6f37109651f9e4355ec9765c, the 13 block
2024-11-12 10:12:13  [ main:146598 ] - [ DEBUG ] -- Current string => 000000000000000000000000f8c25817e3f909fc6f37109651f9e4355ec9765c, the 13 block
2024-11-12 10:12:14  [ main:147455 ] - [ DEBUG ] -- Current string => 000000000000000000000054f8c25817e3f909fc6f37109651f9e4355ec9765c, the 13 block
2024-11-12 10:12:15  [ main:148770 ] - [ DEBUG ] -- Current string => 000000000000000000007c54f8c25817e3f909fc6f37109651f9e4355ec9765c, the 13 block
2024-11-12 10:12:16  [ main:149501 ] - [ DEBUG ] -- Current string => 000000000000000000457c54f8c25817e3f909fc6f37109651f9e4355ec9765c, the 13 block
2024-11-12 10:12:16  [ main:150247 ] - [ DEBUG ] -- Current string => 00000000000000004a457c54f8c25817e3f909fc6f37109651f9e4355ec9765c, the 13 block
2024-11-12 10:12:19  [ main:152820 ] - [ DEBUG ] -- Current string => 00000000000000db4a457c54f8c25817e3f909fc6f37109651f9e4355ec9765c, the 13 block
2024-11-12 10:12:21  [ main:154335 ] - [ DEBUG ] -- Current string => 00000000000082db4a457c54f8c25817e3f909fc6f37109651f9e4355ec9765c, the 13 block
2024-11-12 10:12:22  [ main:155572 ] - [ DEBUG ] -- Current string => 00000000006482db4a457c54f8c25817e3f909fc6f37109651f9e4355ec9765c, the 13 block
2024-11-12 10:12:24  [ main:158234 ] - [ DEBUG ] -- Current string => 00000000fe6482db4a457c54f8c25817e3f909fc6f37109651f9e4355ec9765c, the 13 block
2024-11-12 10:12:26  [ main:160113 ] - [ DEBUG ] -- Current string => 000000a9fe6482db4a457c54f8c25817e3f909fc6f37109651f9e4355ec9765c, the 13 block
2024-11-12 10:12:28  [ main:161332 ] - [ DEBUG ] -- Current string => 000063a9fe6482db4a457c54f8c25817e3f909fc6f37109651f9e4355ec9765c, the 13 block
2024-11-12 10:12:28  [ main:161652 ] - [ DEBUG ] -- Current string => 001663a9fe6482db4a457c54f8c25817e3f909fc6f37109651f9e4355ec9765c, the 13 block
2024-11-12 10:12:29  [ main:163264 ] - [ DEBUG ] -- Current string => 861663a9fe6482db4a457c54f8c25817e3f909fc6f37109651f9e4355ec9765c, the 13 block
2024-11-12 10:12:29  [ main:163265 ] - [ INFO ] -- Left 12 blocks to encrypt
2024-11-12 10:12:31  [ main:164665 ] - [ DEBUG ] -- Current string => 00000000000000000000000000000080eb7f4dda9b16f4be386b2e3195ad2c72, the 12 block
2024-11-12 10:12:34  [ main:167414 ] - [ DEBUG ] -- Current string => 0000000000000000000000000000f480eb7f4dda9b16f4be386b2e3195ad2c72, the 12 block
2024-11-12 10:12:34  [ main:167518 ] - [ DEBUG ] -- Current string => 000000000000000000000000000af480eb7f4dda9b16f4be386b2e3195ad2c72, the 12 block
2024-11-12 10:12:36  [ main:169768 ] - [ DEBUG ] -- Current string => 000000000000000000000000c20af480eb7f4dda9b16f4be386b2e3195ad2c72, the 12 block
2024-11-12 10:12:36  [ main:169932 ] - [ DEBUG ] -- Current string => 00000000000000000000000ac20af480eb7f4dda9b16f4be386b2e3195ad2c72, the 12 block
2024-11-12 10:12:37  [ main:170491 ] - [ DEBUG ] -- Current string => 00000000000000000000320ac20af480eb7f4dda9b16f4be386b2e3195ad2c72, the 12 block
2024-11-12 10:12:40  [ main:173379 ] - [ DEBUG ] -- Current string => 000000000000000000ef320ac20af480eb7f4dda9b16f4be386b2e3195ad2c72, the 12 block
2024-11-12 10:12:42  [ main:175573 ] - [ DEBUG ] -- Current string => 0000000000000000cfef320ac20af480eb7f4dda9b16f4be386b2e3195ad2c72, the 12 block
2024-11-12 10:12:42  [ main:176232 ] - [ DEBUG ] -- Current string => 0000000000000032cfef320ac20af480eb7f4dda9b16f4be386b2e3195ad2c72, the 12 block
2024-11-12 10:12:44  [ main:177729 ] - [ DEBUG ] -- Current string => 0000000000008732cfef320ac20af480eb7f4dda9b16f4be386b2e3195ad2c72, the 12 block
2024-11-12 10:12:45  [ main:179239 ] - [ DEBUG ] -- Current string => 0000000000848732cfef320ac20af480eb7f4dda9b16f4be386b2e3195ad2c72, the 12 block
2024-11-12 10:12:48  [ main:181999 ] - [ DEBUG ] -- Current string => 00000000f0848732cfef320ac20af480eb7f4dda9b16f4be386b2e3195ad2c72, the 12 block
2024-11-12 10:12:49  [ main:182537 ] - [ DEBUG ] -- Current string => 0000003ef0848732cfef320ac20af480eb7f4dda9b16f4be386b2e3195ad2c72, the 12 block
2024-11-12 10:12:49  [ main:183294 ] - [ DEBUG ] -- Current string => 00004d3ef0848732cfef320ac20af480eb7f4dda9b16f4be386b2e3195ad2c72, the 12 block
2024-11-12 10:12:50  [ main:183325 ] - [ DEBUG ] -- Current string => 000d4d3ef0848732cfef320ac20af480eb7f4dda9b16f4be386b2e3195ad2c72, the 12 block
2024-11-12 10:12:52  [ main:185849 ] - [ DEBUG ] -- Current string => cd0d4d3ef0848732cfef320ac20af480eb7f4dda9b16f4be386b2e3195ad2c72, the 12 block
2024-11-12 10:12:52  [ main:185849 ] - [ INFO ] -- Left 11 blocks to encrypt
2024-11-12 10:12:52  [ main:185893 ] - [ DEBUG ] -- Current string => 00000000000000000000000000000002cd0d4f3cf084ff40cff3586bb46bdaf2, the 11 block
2024-11-12 10:12:54  [ main:187883 ] - [ DEBUG ] -- Current string => 0000000000000000000000000000b502cd0d4f3cf084ff40cff3586bb46bdaf2, the 11 block
2024-11-12 10:12:57  [ main:190641 ] - [ DEBUG ] -- Current string => 00000000000000000000000000efb502cd0d4f3cf084ff40cff3586bb46bdaf2, the 11 block
2024-11-12 10:12:57  [ main:190775 ] - [ DEBUG ] -- Current string => 0000000000000000000000000fefb502cd0d4f3cf084ff40cff3586bb46bdaf2, the 11 block
2024-11-12 10:12:59  [ main:193116 ] - [ DEBUG ] -- Current string => 0000000000000000000000d20fefb502cd0d4f3cf084ff40cff3586bb46bdaf2, the 11 block
2024-11-12 10:13:01  [ main:194811 ] - [ DEBUG ] -- Current string => 0000000000000000000093d20fefb502cd0d4f3cf084ff40cff3586bb46bdaf2, the 11 block
2024-11-12 10:13:01  [ main:194883 ] - [ DEBUG ] -- Current string => 0000000000000000000193d20fefb502cd0d4f3cf084ff40cff3586bb46bdaf2, the 11 block
2024-11-12 10:13:03  [ main:197251 ] - [ DEBUG ] -- Current string => 0000000000000000d20193d20fefb502cd0d4f3cf084ff40cff3586bb46bdaf2, the 11 block
2024-11-12 10:13:06  [ main:199641 ] - [ DEBUG ] -- Current string => 00000000000000b3d20193d20fefb502cd0d4f3cf084ff40cff3586bb46bdaf2, the 11 block
2024-11-12 10:13:07  [ main:200694 ] - [ DEBUG ] -- Current string => 00000000000054b3d20193d20fefb502cd0d4f3cf084ff40cff3586bb46bdaf2, the 11 block
2024-11-12 10:13:09  [ main:202873 ] - [ DEBUG ] -- Current string => 0000000000c054b3d20193d20fefb502cd0d4f3cf084ff40cff3586bb46bdaf2, the 11 block
2024-11-12 10:13:10  [ main:203714 ] - [ DEBUG ] -- Current string => 0000000042c054b3d20193d20fefb502cd0d4f3cf084ff40cff3586bb46bdaf2, the 11 block
2024-11-12 10:13:12  [ main:205340 ] - [ DEBUG ] -- Current string => 0000009a42c054b3d20193d20fefb502cd0d4f3cf084ff40cff3586bb46bdaf2, the 11 block
2024-11-12 10:13:14  [ main:207784 ] - [ DEBUG ] -- Current string => 0000ef9a42c054b3d20193d20fefb502cd0d4f3cf084ff40cff3586bb46bdaf2, the 11 block
2024-11-12 10:13:16  [ main:209319 ] - [ DEBUG ] -- Current string => 0086ef9a42c054b3d20193d20fefb502cd0d4f3cf084ff40cff3586bb46bdaf2, the 11 block
2024-11-12 10:13:17  [ main:210340 ] - [ DEBUG ] -- Current string => 4f86ef9a42c054b3d20193d20fefb502cd0d4f3cf084ff40cff3586bb46bdaf2, the 11 block
2024-11-12 10:13:17  [ main:210341 ] - [ INFO ] -- Left 10 blocks to encrypt
2024-11-12 10:13:19  [ main:212325 ] - [ DEBUG ] -- Current string => 000000000000000000000000000000b63bef80f40aa13ad7be64e1d20fefb502, the 10 block
2024-11-12 10:13:20  [ main:213550 ] - [ DEBUG ] -- Current string => 000000000000000000000000000056b63bef80f40aa13ad7be64e1d20fefb502, the 10 block
2024-11-12 10:13:21  [ main:214651 ] - [ DEBUG ] -- Current string => 000000000000000000000000006756b63bef80f40aa13ad7be64e1d20fefb502, the 10 block
2024-11-12 10:13:23  [ main:216789 ] - [ DEBUG ] -- Current string => 000000000000000000000000ba6756b63bef80f40aa13ad7be64e1d20fefb502, the 10 block
2024-11-12 10:13:24  [ main:217451 ] - [ DEBUG ] -- Current string => 000000000000000000000039ba6756b63bef80f40aa13ad7be64e1d20fefb502, the 10 block
2024-11-12 10:13:24  [ main:217495 ] - [ DEBUG ] -- Current string => 000000000000000000000539ba6756b63bef80f40aa13ad7be64e1d20fefb502, the 10 block
2024-11-12 10:13:25  [ main:218520 ] - [ DEBUG ] -- Current string => 000000000000000000520539ba6756b63bef80f40aa13ad7be64e1d20fefb502, the 10 block
2024-11-12 10:13:27  [ main:220519 ] - [ DEBUG ] -- Current string => 0000000000000000bd520539ba6756b63bef80f40aa13ad7be64e1d20fefb502, the 10 block
2024-11-12 10:13:29  [ main:223095 ] - [ DEBUG ] -- Current string => 00000000000000edbd520539ba6756b63bef80f40aa13ad7be64e1d20fefb502, the 10 block
2024-11-12 10:13:30  [ main:224247 ] - [ DEBUG ] -- Current string => 0000000000006eedbd520539ba6756b63bef80f40aa13ad7be64e1d20fefb502, the 10 block
2024-11-12 10:13:33  [ main:226352 ] - [ DEBUG ] -- Current string => 0000000000bc6eedbd520539ba6756b63bef80f40aa13ad7be64e1d20fefb502, the 10 block
2024-11-12 10:13:35  [ main:228665 ] - [ DEBUG ] -- Current string => 00000000b5bc6eedbd520539ba6756b63bef80f40aa13ad7be64e1d20fefb502, the 10 block
2024-11-12 10:13:35  [ main:229274 ] - [ DEBUG ] -- Current string => 00000035b5bc6eedbd520539ba6756b63bef80f40aa13ad7be64e1d20fefb502, the 10 block
2024-11-12 10:13:36  [ main:230035 ] - [ DEBUG ] -- Current string => 00004b35b5bc6eedbd520539ba6756b63bef80f40aa13ad7be64e1d20fefb502, the 10 block
2024-11-12 10:13:38  [ main:232012 ] - [ DEBUG ] -- Current string => 00a64b35b5bc6eedbd520539ba6756b63bef80f40aa13ad7be64e1d20fefb502, the 10 block
2024-11-12 10:13:40  [ main:233945 ] - [ DEBUG ] -- Current string => a2a64b35b5bc6eedbd520539ba6756b63bef80f40aa13ad7be64e1d20fefb502, the 10 block
2024-11-12 10:13:40  [ main:233945 ] - [ INFO ] -- Left 9 blocks to encrypt
2024-11-12 10:13:41  [ main:234902 ] - [ DEBUG ] -- Current string => 0000000000000000000000000000005bcfc93f50fade0488de264c57cc0835d7, the 9 block
2024-11-12 10:13:42  [ main:235769 ] - [ DEBUG ] -- Current string => 0000000000000000000000000000495bcfc93f50fade0488de264c57cc0835d7, the 9 block
2024-11-12 10:13:43  [ main:236447 ] - [ DEBUG ] -- Current string => 0000000000000000000000000038495bcfc93f50fade0488de264c57cc0835d7, the 9 block
2024-11-12 10:13:44  [ main:237349 ] - [ DEBUG ] -- Current string => 0000000000000000000000005038495bcfc93f50fade0488de264c57cc0835d7, the 9 block
2024-11-12 10:13:46  [ main:239551 ] - [ DEBUG ] -- Current string => 0000000000000000000000c05038495bcfc93f50fade0488de264c57cc0835d7, the 9 block
2024-11-12 10:13:47  [ main:240887 ] - [ DEBUG ] -- Current string => 0000000000000000000052c05038495bcfc93f50fade0488de264c57cc0835d7, the 9 block
2024-11-12 10:13:49  [ main:242521 ] - [ DEBUG ] -- Current string => 0000000000000000009152c05038495bcfc93f50fade0488de264c57cc0835d7, the 9 block
2024-11-12 10:13:50  [ main:243822 ] - [ DEBUG ] -- Current string => 0000000000000000709152c05038495bcfc93f50fade0488de264c57cc0835d7, the 9 block
2024-11-12 10:13:51  [ main:244924 ] - [ DEBUG ] -- Current string => 000000000000006b709152c05038495bcfc93f50fade0488de264c57cc0835d7, the 9 block
2024-11-12 10:13:51  [ main:244948 ] - [ DEBUG ] -- Current string => 0000000000000b6b709152c05038495bcfc93f50fade0488de264c57cc0835d7, the 9 block
2024-11-12 10:13:54  [ main:247854 ] - [ DEBUG ] -- Current string => 0000000000f10b6b709152c05038495bcfc93f50fade0488de264c57cc0835d7, the 9 block
2024-11-12 10:13:55  [ main:249014 ] - [ DEBUG ] -- Current string => 0000000065f10b6b709152c05038495bcfc93f50fade0488de264c57cc0835d7, the 9 block
2024-11-12 10:13:57  [ main:250640 ] - [ DEBUG ] -- Current string => 0000008665f10b6b709152c05038495bcfc93f50fade0488de264c57cc0835d7, the 9 block
2024-11-12 10:13:59  [ main:253298 ] - [ DEBUG ] -- Current string => 0000e98665f10b6b709152c05038495bcfc93f50fade0488de264c57cc0835d7, the 9 block
2024-11-12 10:14:01  [ main:255176 ] - [ DEBUG ] -- Current string => 007ce98665f10b6b709152c05038495bcfc93f50fade0488de264c57cc0835d7, the 9 block
2024-11-12 10:14:04  [ main:258123 ] - [ DEBUG ] -- Current string => db7ce98665f10b6b709152c05038495bcfc93f50fade0488de264c57cc0835d7, the 9 block
2024-11-12 10:14:04  [ main:258123 ] - [ INFO ] -- Left 8 blocks to encrypt
2024-11-12 10:14:06  [ main:260294 ] - [ DEBUG ] -- Current string => 000000000000000000000000000000adad1dc7f40898251815e324a522161b3e, the 8 block
2024-11-12 10:14:07  [ main:260460 ] - [ DEBUG ] -- Current string => 000000000000000000000000000009adad1dc7f40898251815e324a522161b3e, the 8 block
2024-11-12 10:14:07  [ main:260575 ] - [ DEBUG ] -- Current string => 000000000000000000000000000409adad1dc7f40898251815e324a522161b3e, the 8 block
2024-11-12 10:14:07  [ main:260653 ] - [ DEBUG ] -- Current string => 000000000000000000000000000409adad1dc7f40898251815e324a522161b3e, the 8 block
2024-11-12 10:14:09  [ main:262316 ] - [ DEBUG ] -- Current string => 00000000000000000000009c000409adad1dc7f40898251815e324a522161b3e, the 8 block
2024-11-12 10:14:11  [ main:264718 ] - [ DEBUG ] -- Current string => 00000000000000000000ba9c000409adad1dc7f40898251815e324a522161b3e, the 8 block
2024-11-12 10:14:13  [ main:266460 ] - [ DEBUG ] -- Current string => 00000000000000000090ba9c000409adad1dc7f40898251815e324a522161b3e, the 8 block
2024-11-12 10:14:14  [ main:267325 ] - [ DEBUG ] -- Current string => 00000000000000004690ba9c000409adad1dc7f40898251815e324a522161b3e, the 8 block
2024-11-12 10:14:14  [ main:267643 ] - [ DEBUG ] -- Current string => 00000000000000154690ba9c000409adad1dc7f40898251815e324a522161b3e, the 8 block
2024-11-12 10:14:15  [ main:268458 ] - [ DEBUG ] -- Current string => 0000000000003b154690ba9c000409adad1dc7f40898251815e324a522161b3e, the 8 block
2024-11-12 10:14:17  [ main:270867 ] - [ DEBUG ] -- Current string => 0000000000a43b154690ba9c000409adad1dc7f40898251815e324a522161b3e, the 8 block
2024-11-12 10:14:19  [ main:272593 ] - [ DEBUG ] -- Current string => 000000007ba43b154690ba9c000409adad1dc7f40898251815e324a522161b3e, the 8 block
2024-11-12 10:14:22  [ main:276051 ] - [ DEBUG ] -- Current string => 000000e07ba43b154690ba9c000409adad1dc7f40898251815e324a522161b3e, the 8 block
2024-11-12 10:14:25  [ main:278614 ] - [ DEBUG ] -- Current string => 0000b4e07ba43b154690ba9c000409adad1dc7f40898251815e324a522161b3e, the 8 block
2024-11-12 10:14:27  [ main:280715 ] - [ DEBUG ] -- Current string => 00aeb4e07ba43b154690ba9c000409adad1dc7f40898251815e324a522161b3e, the 8 block
2024-11-12 10:14:27  [ main:280750 ] - [ DEBUG ] -- Current string => 12aeb4e07ba43b154690ba9c000409adad1dc7f40898251815e324a522161b3e, the 8 block
2024-11-12 10:14:27  [ main:280750 ] - [ INFO ] -- Left 7 blocks to encrypt
2024-11-12 10:14:29  [ main:282602 ] - [ DEBUG ] -- Current string => 0000000000000000000000000000008b5acfda8417c1492e3ee0c9ee002963cc, the 7 block
2024-11-12 10:14:32  [ main:285705 ] - [ DEBUG ] -- Current string => 0000000000000000000000000000fa8b5acfda8417c1492e3ee0c9ee002963cc, the 7 block
2024-11-12 10:14:35  [ main:289005 ] - [ DEBUG ] -- Current string => 00000000000000000000000000a1fa8b5acfda8417c1492e3ee0c9ee002963cc, the 7 block
2024-11-12 10:14:36  [ main:290142 ] - [ DEBUG ] -- Current string => 00000000000000000000000055a1fa8b5acfda8417c1492e3ee0c9ee002963cc, the 7 block
2024-11-12 10:14:38  [ main:291648 ] - [ DEBUG ] -- Current string => 00000000000000000000006855a1fa8b5acfda8417c1492e3ee0c9ee002963cc, the 7 block
2024-11-12 10:14:41  [ main:295125 ] - [ DEBUG ] -- Current string => 00000000000000000000c96855a1fa8b5acfda8417c1492e3ee0c9ee002963cc, the 7 block
2024-11-12 10:14:43  [ main:297043 ] - [ DEBUG ] -- Current string => 00000000000000000095c96855a1fa8b5acfda8417c1492e3ee0c9ee002963cc, the 7 block
2024-11-12 10:14:43  [ main:297177 ] - [ DEBUG ] -- Current string => 00000000000000000195c96855a1fa8b5acfda8417c1492e3ee0c9ee002963cc, the 7 block
2024-11-12 10:14:46  [ main:299947 ] - [ DEBUG ] -- Current string => 00000000000000d80195c96855a1fa8b5acfda8417c1492e3ee0c9ee002963cc, the 7 block
2024-11-12 10:14:49  [ main:303150 ] - [ DEBUG ] -- Current string => 000000000000e5d80195c96855a1fa8b5acfda8417c1492e3ee0c9ee002963cc, the 7 block
2024-11-12 10:14:51  [ main:304559 ] - [ DEBUG ] -- Current string => 000000000066e5d80195c96855a1fa8b5acfda8417c1492e3ee0c9ee002963cc, the 7 block
2024-11-12 10:14:53  [ main:307120 ] - [ DEBUG ] -- Current string => 00000000c466e5d80195c96855a1fa8b5acfda8417c1492e3ee0c9ee002963cc, the 7 block
2024-11-12 10:14:54  [ main:307347 ] - [ DEBUG ] -- Current string => 00000019c466e5d80195c96855a1fa8b5acfda8417c1492e3ee0c9ee002963cc, the 7 block
2024-11-12 10:14:55  [ main:308891 ] - [ DEBUG ] -- Current string => 00008b19c466e5d80195c96855a1fa8b5acfda8417c1492e3ee0c9ee002963cc, the 7 block
2024-11-12 10:14:55  [ main:309211 ] - [ DEBUG ] -- Current string => 001c8b19c466e5d80195c96855a1fa8b5acfda8417c1492e3ee0c9ee002963cc, the 7 block
2024-11-12 10:14:57  [ main:311007 ] - [ DEBUG ] -- Current string => 9b1c8b19c466e5d80195c96855a1fa8b5acfda8417c1492e3ee0c9ee002963cc, the 7 block
2024-11-12 10:14:57  [ main:311282 ] - [ INFO ] -- Left 6 blocks to encrypt
2024-11-12 10:14:58  [ main:311425 ] - [ DEBUG ] -- Current string => 0000000000000000000000000000000efd70ee7ab049acb677faaa0921c895e5, the 6 block
2024-11-12 10:15:00  [ main:313826 ] - [ DEBUG ] -- Current string => 0000000000000000000000000000d80efd70ee7ab049acb677faaa0921c895e5, the 6 block
2024-11-12 10:15:03  [ main:316581 ] - [ DEBUG ] -- Current string => 00000000000000000000000000ffd80efd70ee7ab049acb677faaa0921c895e5, the 6 block
2024-11-12 10:15:04  [ main:317566 ] - [ DEBUG ] -- Current string => 00000000000000000000000052ffd80efd70ee7ab049acb677faaa0921c895e5, the 6 block
2024-11-12 10:15:06  [ main:319392 ] - [ DEBUG ] -- Current string => 0000000000000000000000a152ffd80efd70ee7ab049acb677faaa0921c895e5, the 6 block
2024-11-12 10:15:09  [ main:322417 ] - [ DEBUG ] -- Current string => 00000000000000000000f6a152ffd80efd70ee7ab049acb677faaa0921c895e5, the 6 block
2024-11-12 10:15:10  [ main:323996 ] - [ DEBUG ] -- Current string => 00000000000000000077f6a152ffd80efd70ee7ab049acb677faaa0921c895e5, the 6 block
2024-11-12 10:15:10  [ main:324101 ] - [ DEBUG ] -- Current string => 00000000000000000177f6a152ffd80efd70ee7ab049acb677faaa0921c895e5, the 6 block
2024-11-12 10:15:11  [ main:324841 ] - [ DEBUG ] -- Current string => 00000000000000480177f6a152ffd80efd70ee7ab049acb677faaa0921c895e5, the 6 block
2024-11-12 10:15:12  [ main:325881 ] - [ DEBUG ] -- Current string => 00000000000052480177f6a152ffd80efd70ee7ab049acb677faaa0921c895e5, the 6 block
2024-11-12 10:15:15  [ main:328576 ] - [ DEBUG ] -- Current string => 0000000000e252480177f6a152ffd80efd70ee7ab049acb677faaa0921c895e5, the 6 block
2024-11-12 10:15:17  [ main:330838 ] - [ DEBUG ] -- Current string => 00000000ade252480177f6a152ffd80efd70ee7ab049acb677faaa0921c895e5, the 6 block
2024-11-12 10:15:19  [ main:332680 ] - [ DEBUG ] -- Current string => 00000092ade252480177f6a152ffd80efd70ee7ab049acb677faaa0921c895e5, the 6 block
2024-11-12 10:15:21  [ main:335240 ] - [ DEBUG ] -- Current string => 0000de92ade252480177f6a152ffd80efd70ee7ab049acb677faaa0921c895e5, the 6 block
2024-11-12 10:15:23  [ main:336454 ] - [ DEBUG ] -- Current string => 0063de92ade252480177f6a152ffd80efd70ee7ab049acb677faaa0921c895e5, the 6 block
2024-11-12 10:15:23  [ main:336558 ] - [ DEBUG ] -- Current string => 1763de92ade252480177f6a152ffd80efd70ee7ab049acb677faaa0921c895e5, the 6 block
2024-11-12 10:15:23  [ main:336559 ] - [ INFO ] -- Left 5 blocks to encrypt
2024-11-12 10:15:26  [ main:339686 ] - [ DEBUG ] -- Current string => 000000000000000000000000000000ed6363fbdec78324292e1b97cf35d0aa6b, the 5 block
2024-11-12 10:15:27  [ main:341034 ] - [ DEBUG ] -- Current string => 00000000000000000000000000007aed6363fbdec78324292e1b97cf35d0aa6b, the 5 block
2024-11-12 10:15:29  [ main:342347 ] - [ DEBUG ] -- Current string => 00000000000000000000000000707aed6363fbdec78324292e1b97cf35d0aa6b, the 5 block
2024-11-12 10:15:30  [ main:344182 ] - [ DEBUG ] -- Current string => 000000000000000000000000ae707aed6363fbdec78324292e1b97cf35d0aa6b, the 5 block
2024-11-12 10:15:32  [ main:345633 ] - [ DEBUG ] -- Current string => 000000000000000000000081ae707aed6363fbdec78324292e1b97cf35d0aa6b, the 5 block
2024-11-12 10:15:32  [ main:345983 ] - [ DEBUG ] -- Current string => 000000000000000000002681ae707aed6363fbdec78324292e1b97cf35d0aa6b, the 5 block
2024-11-12 10:15:34  [ main:347409 ] - [ DEBUG ] -- Current string => 000000000000000000772681ae707aed6363fbdec78324292e1b97cf35d0aa6b, the 5 block
2024-11-12 10:15:36  [ main:350114 ] - [ DEBUG ] -- Current string => 0000000000000000eb772681ae707aed6363fbdec78324292e1b97cf35d0aa6b, the 5 block
2024-11-12 10:15:39  [ main:352360 ] - [ DEBUG ] -- Current string => 000000000000009feb772681ae707aed6363fbdec78324292e1b97cf35d0aa6b, the 5 block
2024-11-12 10:15:40  [ main:353685 ] - [ DEBUG ] -- Current string => 000000000000729feb772681ae707aed6363fbdec78324292e1b97cf35d0aa6b, the 5 block
2024-11-12 10:15:42  [ main:355536 ] - [ DEBUG ] -- Current string => 0000000000a2729feb772681ae707aed6363fbdec78324292e1b97cf35d0aa6b, the 5 block
2024-11-12 10:15:43  [ main:357277 ] - [ DEBUG ] -- Current string => 00000000aca2729feb772681ae707aed6363fbdec78324292e1b97cf35d0aa6b, the 5 block
2024-11-12 10:15:45  [ main:359283 ] - [ DEBUG ] -- Current string => 000000b9aca2729feb772681ae707aed6363fbdec78324292e1b97cf35d0aa6b, the 5 block
2024-11-12 10:15:48  [ main:361873 ] - [ DEBUG ] -- Current string => 0000d7b9aca2729feb772681ae707aed6363fbdec78324292e1b97cf35d0aa6b, the 5 block
2024-11-12 10:15:49  [ main:362912 ] - [ DEBUG ] -- Current string => 0059d7b9aca2729feb772681ae707aed6363fbdec78324292e1b97cf35d0aa6b, the 5 block
2024-11-12 10:15:50  [ main:363886 ] - [ DEBUG ] -- Current string => 4b59d7b9aca2729feb772681ae707aed6363fbdec78324292e1b97cf35d0aa6b, the 5 block
2024-11-12 10:15:50  [ main:363886 ] - [ INFO ] -- Left 4 blocks to encrypt
2024-11-12 10:15:52  [ main:366275 ] - [ DEBUG ] -- Current string => 000000000000000000000000000000ba32b8f0638c6e62dc20752680e2707b85, the 4 block
2024-11-12 10:15:53  [ main:366761 ] - [ DEBUG ] -- Current string => 000000000000000000000000000025ba32b8f0638c6e62dc20752680e2707b85, the 4 block
2024-11-12 10:15:55  [ main:368632 ] - [ DEBUG ] -- Current string => 000000000000000000000000008e25ba32b8f0638c6e62dc20752680e2707b85, the 4 block
2024-11-12 10:15:55  [ main:368867 ] - [ DEBUG ] -- Current string => 000000000000000000000000178e25ba32b8f0638c6e62dc20752680e2707b85, the 4 block
2024-11-12 10:15:56  [ main:369807 ] - [ DEBUG ] -- Current string => 000000000000000000000056178e25ba32b8f0638c6e62dc20752680e2707b85, the 4 block
2024-11-12 10:15:56  [ main:370073 ] - [ DEBUG ] -- Current string => 000000000000000000001356178e25ba32b8f0638c6e62dc20752680e2707b85, the 4 block
2024-11-12 10:15:58  [ main:372294 ] - [ DEBUG ] -- Current string => 000000000000000000bd1356178e25ba32b8f0638c6e62dc20752680e2707b85, the 4 block
2024-11-12 10:16:00  [ main:373434 ] - [ DEBUG ] -- Current string => 000000000000000056bd1356178e25ba32b8f0638c6e62dc20752680e2707b85, the 4 block
2024-11-12 10:16:01  [ main:374772 ] - [ DEBUG ] -- Current string => 000000000000006656bd1356178e25ba32b8f0638c6e62dc20752680e2707b85, the 4 block
2024-11-12 10:16:01  [ main:375257 ] - [ DEBUG ] -- Current string => 000000000000236656bd1356178e25ba32b8f0638c6e62dc20752680e2707b85, the 4 block
2024-11-12 10:16:03  [ main:377116 ] - [ DEBUG ] -- Current string => 000000000090236656bd1356178e25ba32b8f0638c6e62dc20752680e2707b85, the 4 block
2024-11-12 10:16:05  [ main:379106 ] - [ DEBUG ] -- Current string => 00000000ac90236656bd1356178e25ba32b8f0638c6e62dc20752680e2707b85, the 4 block
2024-11-12 10:16:09  [ main:382621 ] - [ DEBUG ] -- Current string => 000000f9ac90236656bd1356178e25ba32b8f0638c6e62dc20752680e2707b85, the 4 block
2024-11-12 10:16:11  [ main:385130 ] - [ DEBUG ] -- Current string => 0000b6f9ac90236656bd1356178e25ba32b8f0638c6e62dc20752680e2707b85, the 4 block
2024-11-12 10:16:12  [ main:385891 ] - [ DEBUG ] -- Current string => 003fb6f9ac90236656bd1356178e25ba32b8f0638c6e62dc20752680e2707b85, the 4 block
2024-11-12 10:16:12  [ main:386149 ] - [ DEBUG ] -- Current string => 043fb6f9ac90236656bd1356178e25ba32b8f0638c6e62dc20752680e2707b85, the 4 block
2024-11-12 10:16:12  [ main:386149 ] - [ INFO ] -- Left 3 blocks to encrypt
2024-11-12 10:16:14  [ main:388123 ] - [ DEBUG ] -- Current string => 0000000000000000000000000000009d6551d1d7def5450a33de677847fc4ac2, the 3 block
2024-11-12 10:16:17  [ main:390353 ] - [ DEBUG ] -- Current string => 0000000000000000000000000000cf9d6551d1d7def5450a33de677847fc4ac2, the 3 block
2024-11-12 10:16:19  [ main:392705 ] - [ DEBUG ] -- Current string => 00000000000000000000000000dacf9d6551d1d7def5450a33de677847fc4ac2, the 3 block
2024-11-12 10:16:21  [ main:395099 ] - [ DEBUG ] -- Current string => 000000000000000000000000e6dacf9d6551d1d7def5450a33de677847fc4ac2, the 3 block
2024-11-12 10:16:23  [ main:396868 ] - [ DEBUG ] -- Current string => 0000000000000000000000a7e6dacf9d6551d1d7def5450a33de677847fc4ac2, the 3 block
2024-11-12 10:16:25  [ main:399058 ] - [ DEBUG ] -- Current string => 00000000000000000000b8a7e6dacf9d6551d1d7def5450a33de677847fc4ac2, the 3 block
2024-11-12 10:16:27  [ main:401126 ] - [ DEBUG ] -- Current string => 000000000000000000bab8a7e6dacf9d6551d1d7def5450a33de677847fc4ac2, the 3 block
2024-11-12 10:16:30  [ main:403725 ] - [ DEBUG ] -- Current string => 0000000000000000f8bab8a7e6dacf9d6551d1d7def5450a33de677847fc4ac2, the 3 block
2024-11-12 10:16:32  [ main:405712 ] - [ DEBUG ] -- Current string => 00000000000000b8f8bab8a7e6dacf9d6551d1d7def5450a33de677847fc4ac2, the 3 block
2024-11-12 10:16:34  [ main:407550 ] - [ DEBUG ] -- Current string => 000000000000a0b8f8bab8a7e6dacf9d6551d1d7def5450a33de677847fc4ac2, the 3 block
2024-11-12 10:16:36  [ main:410020 ] - [ DEBUG ] -- Current string => 0000000000b5a0b8f8bab8a7e6dacf9d6551d1d7def5450a33de677847fc4ac2, the 3 block
2024-11-12 10:16:37  [ main:411206 ] - [ DEBUG ] -- Current string => 0000000063b5a0b8f8bab8a7e6dacf9d6551d1d7def5450a33de677847fc4ac2, the 3 block
2024-11-12 10:16:38  [ main:411721 ] - [ DEBUG ] -- Current string => 0000002263b5a0b8f8bab8a7e6dacf9d6551d1d7def5450a33de677847fc4ac2, the 3 block
2024-11-12 10:16:38  [ main:412268 ] - [ DEBUG ] -- Current string => 00003c2263b5a0b8f8bab8a7e6dacf9d6551d1d7def5450a33de677847fc4ac2, the 3 block
2024-11-12 10:16:40  [ main:413312 ] - [ DEBUG ] -- Current string => 00513c2263b5a0b8f8bab8a7e6dacf9d6551d1d7def5450a33de677847fc4ac2, the 3 block
2024-11-12 10:16:42  [ main:415419 ] - [ DEBUG ] -- Current string => ac513c2263b5a0b8f8bab8a7e6dacf9d6551d1d7def5450a33de677847fc4ac2, the 3 block
2024-11-12 10:16:42  [ main:415419 ] - [ INFO ] -- Left 2 blocks to encrypt
2024-11-12 10:16:42  [ main:416264 ] - [ DEBUG ] -- Current string => 0000000000000000000000000000004ccb384f5611ccd8caf8add2c690bbe1f1, the 2 block
2024-11-12 10:16:43  [ main:417256 ] - [ DEBUG ] -- Current string => 00000000000000000000000000005f4ccb384f5611ccd8caf8add2c690bbe1f1, the 2 block
2024-11-12 10:16:46  [ main:419595 ] - [ DEBUG ] -- Current string => 00000000000000000000000000d55f4ccb384f5611ccd8caf8add2c690bbe1f1, the 2 block
2024-11-12 10:16:47  [ main:420442 ] - [ DEBUG ] -- Current string => 0000000000000000000000004bd55f4ccb384f5611ccd8caf8add2c690bbe1f1, the 2 block
2024-11-12 10:16:49  [ main:422911 ] - [ DEBUG ] -- Current string => 0000000000000000000000c64bd55f4ccb384f5611ccd8caf8add2c690bbe1f1, the 2 block
2024-11-12 10:16:50  [ main:424195 ] - [ DEBUG ] -- Current string => 0000000000000000000076c64bd55f4ccb384f5611ccd8caf8add2c690bbe1f1, the 2 block
2024-11-12 10:16:51  [ main:425169 ] - [ DEBUG ] -- Current string => 0000000000000000005f76c64bd55f4ccb384f5611ccd8caf8add2c690bbe1f1, the 2 block
2024-11-12 10:16:52  [ main:425961 ] - [ DEBUG ] -- Current string => 0000000000000000435f76c64bd55f4ccb384f5611ccd8caf8add2c690bbe1f1, the 2 block
2024-11-12 10:16:55  [ main:428679 ] - [ DEBUG ] -- Current string => 00000000000000f7435f76c64bd55f4ccb384f5611ccd8caf8add2c690bbe1f1, the 2 block
2024-11-12 10:16:55  [ main:429249 ] - [ DEBUG ] -- Current string => 00000000000039f7435f76c64bd55f4ccb384f5611ccd8caf8add2c690bbe1f1, the 2 block
2024-11-12 10:16:57  [ main:430452 ] - [ DEBUG ] -- Current string => 00000000006139f7435f76c64bd55f4ccb384f5611ccd8caf8add2c690bbe1f1, the 2 block
2024-11-12 10:16:59  [ main:432860 ] - [ DEBUG ] -- Current string => 00000000c26139f7435f76c64bd55f4ccb384f5611ccd8caf8add2c690bbe1f1, the 2 block
2024-11-12 10:17:00  [ main:434080 ] - [ DEBUG ] -- Current string => 00000060c26139f7435f76c64bd55f4ccb384f5611ccd8caf8add2c690bbe1f1, the 2 block
2024-11-12 10:17:02  [ main:435543 ] - [ DEBUG ] -- Current string => 00007160c26139f7435f76c64bd55f4ccb384f5611ccd8caf8add2c690bbe1f1, the 2 block
2024-11-12 10:17:05  [ main:438344 ] - [ DEBUG ] -- Current string => 00e07160c26139f7435f76c64bd55f4ccb384f5611ccd8caf8add2c690bbe1f1, the 2 block
2024-11-12 10:17:05  [ main:438654 ] - [ DEBUG ] -- Current string => 0de07160c26139f7435f76c64bd55f4ccb384f5611ccd8caf8add2c690bbe1f1, the 2 block
2024-11-12 10:17:05  [ main:438654 ] - [ INFO ] -- Left 1 blocks to encrypt
2024-11-12 10:17:05  [ main:439151 ] - [ DEBUG ] -- Current string => 0000000000000000000000000000002a23921c09ec135c902a2c02b432fb0d29, the 1 block
2024-11-12 10:17:05  [ main:439298 ] - [ DEBUG ] -- Current string => 00000000000000000000000000000f2a23921c09ec135c902a2c02b432fb0d29, the 1 block
2024-11-12 10:17:07  [ main:440529 ] - [ DEBUG ] -- Current string => 000000000000000000000000006c0f2a23921c09ec135c902a2c02b432fb0d29, the 1 block
2024-11-12 10:17:08  [ main:442258 ] - [ DEBUG ] -- Current string => 000000000000000000000000996c0f2a23921c09ec135c902a2c02b432fb0d29, the 1 block
2024-11-12 10:17:09  [ main:443009 ] - [ DEBUG ] -- Current string => 00000000000000000000003f996c0f2a23921c09ec135c902a2c02b432fb0d29, the 1 block
2024-11-12 10:17:10  [ main:443936 ] - [ DEBUG ] -- Current string => 000000000000000000004b3f996c0f2a23921c09ec135c902a2c02b432fb0d29, the 1 block
2024-11-12 10:17:11  [ main:444630 ] - [ DEBUG ] -- Current string => 000000000000000000394b3f996c0f2a23921c09ec135c902a2c02b432fb0d29, the 1 block
2024-11-12 10:17:13  [ main:446610 ] - [ DEBUG ] -- Current string => 0000000000000000b0394b3f996c0f2a23921c09ec135c902a2c02b432fb0d29, the 1 block
2024-11-12 10:17:13  [ main:447269 ] - [ DEBUG ] -- Current string => 0000000000000034b0394b3f996c0f2a23921c09ec135c902a2c02b432fb0d29, the 1 block
2024-11-12 10:17:16  [ main:450104 ] - [ DEBUG ] -- Current string => 000000000000d934b0394b3f996c0f2a23921c09ec135c902a2c02b432fb0d29, the 1 block
2024-11-12 10:17:17  [ main:450744 ] - [ DEBUG ] -- Current string => 00000000003fd934b0394b3f996c0f2a23921c09ec135c902a2c02b432fb0d29, the 1 block
2024-11-12 10:17:18  [ main:451344 ] - [ DEBUG ] -- Current string => 000000003f3fd934b0394b3f996c0f2a23921c09ec135c902a2c02b432fb0d29, the 1 block
2024-11-12 10:17:20  [ main:453967 ] - [ DEBUG ] -- Current string => 000000e33f3fd934b0394b3f996c0f2a23921c09ec135c902a2c02b432fb0d29, the 1 block
2024-11-12 10:17:21  [ main:454811 ] - [ DEBUG ] -- Current string => 000041e33f3fd934b0394b3f996c0f2a23921c09ec135c902a2c02b432fb0d29, the 1 block
2024-11-12 10:17:22  [ main:455430 ] - [ DEBUG ] -- Current string => 003941e33f3fd934b0394b3f996c0f2a23921c09ec135c902a2c02b432fb0d29, the 1 block
2024-11-12 10:17:23  [ main:456950 ] - [ DEBUG ] -- Current string => 673941e33f3fd934b0394b3f996c0f2a23921c09ec135c902a2c02b432fb0d29, the 1 block
2024-11-12 10:17:23  [ main:456951 ] - [ INFO ] -- Left 0 blocks to encrypt
2024-11-12 10:17:23  [ main:456951 ] - [ INFO ] -- Generate payload success, send request count => 38355
2024-11-12 10:17:23  [ main:456951 ] - [ INFO ] -- Result => y9RB5kxC2TSwOEsl8w15SyOSHAnsE1yQKiwCtDL7DSnLOE9WEczYyvit0saQu+HxZVHR1971RQoz3md4R/xKwjK48GOMbmLcIHUmgOJwe4VjY/vex4MkKS4bl8810Kpr/XDuerBJrLZ3+qoJIciV5VrP2oQXwUkuPuDJ7gApY8ytHcf0CJglGBXjJKUiFhs+z8k/UPreBIjeJkxXzAg11zvvgPQKoTrXvmTh0g/vtQLNDU888IT/QM/zWGu0a9ry639N2psW9L44ay4xla0scuP5CfxvNxCWUfnkNV7Jdlxevu/TQVLR1SC+SuivIbDU45vg6ZRarbIUD+aeiNsHt67iy3kR9BHG5QLj1+m6kuYi8RPAWn9eMgIZ2V0huJw9Dg4ODg4ODg4ODg4ODg4ODg==
2024-11-12 10:22:13  [ main:0 ] - [ DEBUG ] -- Start encrypt data...
2024-11-12 10:22:13  [ main:3 ] - [ WARN ] -- You provide block's size is not equal blockSize,try to reset it...
2024-11-12 10:22:13  [ main:5 ] - [ INFO ] -- Total 18 blocks to encrypt
2024-11-12 10:25:27  [ main:0 ] - [ DEBUG ] -- Start encrypt data...
2024-11-12 10:25:27  [ main:5 ] - [ WARN ] -- You provide block's size is not equal blockSize,try to reset it...
2024-11-12 10:25:28  [ main:8 ] - [ INFO ] -- Total 18 blocks to encrypt
2024-11-12 10:26:38  [ main:0 ] - [ DEBUG ] -- Start encrypt data...
2024-11-12 10:26:38  [ main:4 ] - [ WARN ] -- You provide block's size is not equal blockSize,try to reset it...
2024-11-12 10:26:38  [ main:6 ] - [ INFO ] -- Total 18 blocks to encrypt
2024-11-12 10:27:38  [ main:0 ] - [ DEBUG ] -- Start encrypt data...
2024-11-12 10:27:38  [ main:4 ] - [ WARN ] -- You provide block's size is not equal blockSize,try to reset it...
2024-11-12 10:27:38  [ main:7 ] - [ INFO ] -- Total 18 blocks to encrypt
2024-11-12 10:41:38  [ main:0 ] - [ DEBUG ] -- Start encrypt data...
2024-11-12 10:41:38  [ main:4 ] - [ WARN ] -- You provide block's size is not equal blockSize,try to reset it...
2024-11-12 10:41:38  [ main:7 ] - [ INFO ] -- Total 18 blocks to encrypt
2024-11-12 10:46:39  [ main:0 ] - [ DEBUG ] -- Start encrypt data...
2024-11-12 10:46:39  [ main:3 ] - [ WARN ] -- You provide block's size is not equal blockSize,try to reset it...
2024-11-12 10:46:39  [ main:6 ] - [ INFO ] -- Total 18 blocks to encrypt
2024-11-12 10:55:46  [ main:0 ] - [ DEBUG ] -- Start encrypt data...
2024-11-12 10:55:46  [ main:4 ] - [ WARN ] -- You provide block's size is not equal blockSize,try to reset it...
2024-11-12 10:55:46  [ main:7 ] - [ INFO ] -- Total 18 blocks to encrypt
2024-11-12 11:05:19  [ main:0 ] - [ DEBUG ] -- Start encrypt data...
2024-11-12 11:05:19  [ main:4 ] - [ WARN ] -- You provide block's size is not equal blockSize,try to reset it...
2024-11-12 11:05:19  [ main:6 ] - [ INFO ] -- Total 18 blocks to encrypt
2024-11-12 11:05:26  [ main:6087 ] - [ DEBUG ] -- Current string => 0000000000000000000000000000380c32323232323232323232323232323232, the 18 block
2024-11-12 11:05:26  [ main:6653 ] - [ DEBUG ] -- Current string => 000000000000000000000000002e380c32323232323232323232323232323232, the 18 block
2024-11-12 11:05:28  [ main:8874 ] - [ DEBUG ] -- Current string => 000000000000000000000000b62e380c32323232323232323232323232323232, the 18 block
2024-11-12 11:05:31  [ main:11785 ] - [ DEBUG ] -- Current string => 0000000000000000000000f1b62e380c32323232323232323232323232323232, the 18 block
2024-11-12 11:05:33  [ main:13231 ] - [ DEBUG ] -- Current string => 000000000000000000007af1b62e380c32323232323232323232323232323232, the 18 block
2024-11-12 11:05:33  [ main:13522 ] - [ DEBUG ] -- Current string => 000000000000000000107af1b62e380c32323232323232323232323232323232, the 18 block
2024-11-12 11:05:34  [ main:14580 ] - [ DEBUG ] -- Current string => 000000000000000050107af1b62e380c32323232323232323232323232323232, the 18 block
2024-11-12 11:05:36  [ main:16141 ] - [ DEBUG ] -- Current string => 000000000000008d50107af1b62e380c32323232323232323232323232323232, the 18 block
2024-11-12 11:05:38  [ main:19003 ] - [ DEBUG ] -- Current string => 000000000000de8d50107af1b62e380c32323232323232323232323232323232, the 18 block
2024-11-12 11:05:40  [ main:20872 ] - [ DEBUG ] -- Current string => 0000000000aade8d50107af1b62e380c32323232323232323232323232323232, the 18 block
2024-11-12 11:05:43  [ main:23227 ] - [ DEBUG ] -- Current string => 00000000dcaade8d50107af1b62e380c32323232323232323232323232323232, the 18 block
2024-11-12 11:05:44  [ main:24886 ] - [ DEBUG ] -- Current string => 0000009ddcaade8d50107af1b62e380c32323232323232323232323232323232, the 18 block
2024-11-12 11:05:46  [ main:26832 ] - [ DEBUG ] -- Current string => 0000bf9ddcaade8d50107af1b62e380c32323232323232323232323232323232, the 18 block
2024-11-12 11:05:48  [ main:28223 ] - [ DEBUG ] -- Current string => 0077bf9ddcaade8d50107af1b62e380c32323232323232323232323232323232, the 18 block
2024-11-12 11:05:51  [ main:31311 ] - [ DEBUG ] -- Current string => ff77bf9ddcaade8d50107af1b62e380c32323232323232323232323232323232, the 18 block
2024-11-12 11:05:51  [ main:31311 ] - [ INFO ] -- Left 17 blocks to encrypt
2024-11-12 11:05:57  [ main:38062 ] - [ DEBUG ] -- Current string => 00000000000000000000000000007fbaff77bf9ddcaadef5581872f9be263004, the 17 block
2024-11-12 11:05:58  [ main:38325 ] - [ DEBUG ] -- Current string => 00000000000000000000000000147fbaff77bf9ddcaadef5581872f9be263004, the 17 block
2024-11-12 11:05:59  [ main:39602 ] - [ DEBUG ] -- Current string => 00000000000000000000000077147fbaff77bf9ddcaadef5581872f9be263004, the 17 block
2024-11-12 11:06:00  [ main:40949 ] - [ DEBUG ] -- Current string => 00000000000000000000007e77147fbaff77bf9ddcaadef5581872f9be263004, the 17 block
2024-11-12 11:06:01  [ main:42018 ] - [ DEBUG ] -- Current string => 000000000000000000005e7e77147fbaff77bf9ddcaadef5581872f9be263004, the 17 block
2024-11-12 11:06:02  [ main:42862 ] - [ DEBUG ] -- Current string => 000000000000000000455e7e77147fbaff77bf9ddcaadef5581872f9be263004, the 17 block
2024-11-12 11:06:04  [ main:44132 ] - [ DEBUG ] -- Current string => 000000000000000059455e7e77147fbaff77bf9ddcaadef5581872f9be263004, the 17 block
2024-11-12 11:06:05  [ main:45932 ] - [ DEBUG ] -- Current string => 000000000000009c59455e7e77147fbaff77bf9ddcaadef5581872f9be263004, the 17 block
2024-11-12 11:06:08  [ main:48096 ] - [ DEBUG ] -- Current string => 000000000000cb9c59455e7e77147fbaff77bf9ddcaadef5581872f9be263004, the 17 block
2024-11-12 11:06:10  [ main:50605 ] - [ DEBUG ] -- Current string => 0000000000eecb9c59455e7e77147fbaff77bf9ddcaadef5581872f9be263004, the 17 block
2024-11-12 11:06:11  [ main:51094 ] - [ DEBUG ] -- Current string => 0000000021eecb9c59455e7e77147fbaff77bf9ddcaadef5581872f9be263004, the 17 block
2024-11-12 11:06:13  [ main:53872 ] - [ DEBUG ] -- Current string => 000000f321eecb9c59455e7e77147fbaff77bf9ddcaadef5581872f9be263004, the 17 block
2024-11-12 11:06:15  [ main:55808 ] - [ DEBUG ] -- Current string => 0000a2f321eecb9c59455e7e77147fbaff77bf9ddcaadef5581872f9be263004, the 17 block
2024-11-12 11:06:19  [ main:59334 ] - [ DEBUG ] -- Current string => 00f0a2f321eecb9c59455e7e77147fbaff77bf9ddcaadef5581872f9be263004, the 17 block
2024-11-12 11:06:19  [ main:59894 ] - [ DEBUG ] -- Current string => 24f0a2f321eecb9c59455e7e77147fbaff77bf9ddcaadef5581872f9be263004, the 17 block
2024-11-12 11:06:19  [ main:59894 ] - [ INFO ] -- Left 16 blocks to encrypt
2024-11-12 11:06:26  [ main:67045 ] - [ DEBUG ] -- Current string => 0000000000000000000000000000c3cedb0f5d0cb1196c9959455e7e77147fba, the 16 block
2024-11-12 11:06:28  [ main:68618 ] - [ DEBUG ] -- Current string => 0000000000000000000000000086c3cedb0f5d0cb1196c9959455e7e77147fba, the 16 block
2024-11-12 11:06:29  [ main:69635 ] - [ DEBUG ] -- Current string => 0000000000000000000000005186c3cedb0f5d0cb1196c9959455e7e77147fba, the 16 block
2024-11-12 11:06:31  [ main:71596 ] - [ DEBUG ] -- Current string => 0000000000000000000000945186c3cedb0f5d0cb1196c9959455e7e77147fba, the 16 block
2024-11-12 11:06:32  [ main:72423 ] - [ DEBUG ] -- Current string => 0000000000000000000048945186c3cedb0f5d0cb1196c9959455e7e77147fba, the 16 block
2024-11-12 11:06:32  [ main:72932 ] - [ DEBUG ] -- Current string => 0000000000000000002848945186c3cedb0f5d0cb1196c9959455e7e77147fba, the 16 block
2024-11-12 11:06:33  [ main:73446 ] - [ DEBUG ] -- Current string => 0000000000000000382848945186c3cedb0f5d0cb1196c9959455e7e77147fba, the 16 block
2024-11-12 11:06:35  [ main:75549 ] - [ DEBUG ] -- Current string => 00000000000000cb382848945186c3cedb0f5d0cb1196c9959455e7e77147fba, the 16 block
2024-11-12 11:06:37  [ main:77701 ] - [ DEBUG ] -- Current string => 000000000000c8cb382848945186c3cedb0f5d0cb1196c9959455e7e77147fba, the 16 block
2024-11-12 11:06:38  [ main:78963 ] - [ DEBUG ] -- Current string => 000000000079c8cb382848945186c3cedb0f5d0cb1196c9959455e7e77147fba, the 16 block
2024-11-12 11:06:38  [ main:79056 ] - [ DEBUG ] -- Current string => 000000000479c8cb382848945186c3cedb0f5d0cb1196c9959455e7e77147fba, the 16 block
2024-11-12 11:06:39  [ main:79194 ] - [ DEBUG ] -- Current string => 000000010479c8cb382848945186c3cedb0f5d0cb1196c9959455e7e77147fba, the 16 block
2024-11-12 11:06:40  [ main:80956 ] - [ DEBUG ] -- Current string => 000090010479c8cb382848945186c3cedb0f5d0cb1196c9959455e7e77147fba, the 16 block
2024-11-12 11:06:41  [ main:81974 ] - [ DEBUG ] -- Current string => 005290010479c8cb382848945186c3cedb0f5d0cb1196c9959455e7e77147fba, the 16 block
2024-11-12 11:06:42  [ main:82571 ] - [ DEBUG ] -- Current string => 245290010479c8cb382848945186c3cedb0f5d0cb1196c9959455e7e77147fba, the 16 block
2024-11-12 11:06:42  [ main:82572 ] - [ INFO ] -- Left 15 blocks to encrypt
2024-11-12 11:06:46  [ main:86984 ] - [ DEBUG ] -- Current string => 0000000000000000000000000000185c4252996d6b1aa9a750473be05186c401, the 15 block
2024-11-12 11:06:49  [ main:89100 ] - [ DEBUG ] -- Current string => 00000000000000000000000000c7185c4252996d6b1aa9a750473be05186c401, the 15 block
2024-11-12 11:06:51  [ main:91275 ] - [ DEBUG ] -- Current string => 000000000000000000000000c2c7185c4252996d6b1aa9a750473be05186c401, the 15 block
2024-11-12 11:06:51  [ main:91810 ] - [ DEBUG ] -- Current string => 000000000000000000000029c2c7185c4252996d6b1aa9a750473be05186c401, the 15 block
2024-11-12 11:06:52  [ main:92096 ] - [ DEBUG ] -- Current string => 000000000000000000001f29c2c7185c4252996d6b1aa9a750473be05186c401, the 15 block
2024-11-12 11:06:53  [ main:93811 ] - [ DEBUG ] -- Current string => 000000000000000000a71f29c2c7185c4252996d6b1aa9a750473be05186c401, the 15 block
2024-11-12 11:06:55  [ main:95830 ] - [ DEBUG ] -- Current string => 0000000000000000b2a71f29c2c7185c4252996d6b1aa9a750473be05186c401, the 15 block
2024-11-12 11:06:58  [ main:98587 ] - [ DEBUG ] -- Current string => 00000000000000d5b2a71f29c2c7185c4252996d6b1aa9a750473be05186c401, the 15 block
2024-11-12 11:06:59  [ main:99383 ] - [ DEBUG ] -- Current string => 00000000000046d5b2a71f29c2c7185c4252996d6b1aa9a750473be05186c401, the 15 block
2024-11-12 11:06:59  [ main:100070 ] - [ DEBUG ] -- Current string => 00000000004b46d5b2a71f29c2c7185c4252996d6b1aa9a750473be05186c401, the 15 block
2024-11-12 11:07:02  [ main:102223 ] - [ DEBUG ] -- Current string => 00000000c74b46d5b2a71f29c2c7185c4252996d6b1aa9a750473be05186c401, the 15 block
2024-11-12 11:07:02  [ main:102276 ] - [ DEBUG ] -- Current string => 00000009c74b46d5b2a71f29c2c7185c4252996d6b1aa9a750473be05186c401, the 15 block
2024-11-12 11:07:02  [ main:102516 ] - [ DEBUG ] -- Current string => 00001d09c74b46d5b2a71f29c2c7185c4252996d6b1aa9a750473be05186c401, the 15 block
2024-11-12 11:07:05  [ main:105267 ] - [ DEBUG ] -- Current string => 00f51d09c74b46d5b2a71f29c2c7185c4252996d6b1aa9a750473be05186c401, the 15 block
2024-11-12 11:07:07  [ main:107183 ] - [ DEBUG ] -- Current string => a2f51d09c74b46d5b2a71f29c2c7185c4252996d6b1aa9a750473be05186c401, the 15 block
2024-11-12 11:07:07  [ main:107183 ] - [ INFO ] -- Left 14 blocks to encrypt
2024-11-12 11:07:12  [ main:112651 ] - [ DEBUG ] -- Current string => 000000000000000000000000000028b4a28d6d7ef54b4c80dcce7c48b1b34a39, the 14 block
2024-11-12 11:07:14  [ main:114697 ] - [ DEBUG ] -- Current string => 00000000000000000000000000b828b4a28d6d7ef54b4c80dcce7c48b1b34a39, the 14 block
2024-11-12 11:07:14  [ main:114955 ] - [ DEBUG ] -- Current string => 00000000000000000000000012b828b4a28d6d7ef54b4c80dcce7c48b1b34a39, the 14 block
2024-11-12 11:07:15  [ main:115164 ] - [ DEBUG ] -- Current string => 00000000000000000000000a12b828b4a28d6d7ef54b4c80dcce7c48b1b34a39, the 14 block
2024-11-12 11:07:17  [ main:117824 ] - [ DEBUG ] -- Current string => 00000000000000000000ed0a12b828b4a28d6d7ef54b4c80dcce7c48b1b34a39, the 14 block
2024-11-12 11:07:19  [ main:119315 ] - [ DEBUG ] -- Current string => 00000000000000000081ed0a12b828b4a28d6d7ef54b4c80dcce7c48b1b34a39, the 14 block
2024-11-12 11:07:19  [ main:119800 ] - [ DEBUG ] -- Current string => 00000000000000002c81ed0a12b828b4a28d6d7ef54b4c80dcce7c48b1b34a39, the 14 block
2024-11-12 11:07:21  [ main:121425 ] - [ DEBUG ] -- Current string => 000000000000008f2c81ed0a12b828b4a28d6d7ef54b4c80dcce7c48b1b34a39, the 14 block
2024-11-12 11:07:23  [ main:123195 ] - [ DEBUG ] -- Current string => 0000000000009c8f2c81ed0a12b828b4a28d6d7ef54b4c80dcce7c48b1b34a39, the 14 block
2024-11-12 11:07:23  [ main:123308 ] - [ DEBUG ] -- Current string => 0000000000029c8f2c81ed0a12b828b4a28d6d7ef54b4c80dcce7c48b1b34a39, the 14 block
2024-11-12 11:07:23  [ main:123853 ] - [ DEBUG ] -- Current string => 000000003e029c8f2c81ed0a12b828b4a28d6d7ef54b4c80dcce7c48b1b34a39, the 14 block
2024-11-12 11:07:24  [ main:124142 ] - [ DEBUG ] -- Current string => 000000163e029c8f2c81ed0a12b828b4a28d6d7ef54b4c80dcce7c48b1b34a39, the 14 block
2024-11-12 11:07:24  [ main:124328 ] - [ DEBUG ] -- Current string => 00001e163e029c8f2c81ed0a12b828b4a28d6d7ef54b4c80dcce7c48b1b34a39, the 14 block
2024-11-12 11:07:25  [ main:125927 ] - [ DEBUG ] -- Current string => 00891e163e029c8f2c81ed0a12b828b4a28d6d7ef54b4c80dcce7c48b1b34a39, the 14 block
2024-11-12 11:07:27  [ main:127310 ] - [ DEBUG ] -- Current string => 65891e163e029c8f2c81ed0a12b828b4a28d6d7ef54b4c80dcce7c48b1b34a39, the 14 block
2024-11-12 11:07:27  [ main:127310 ] - [ INFO ] -- Left 13 blocks to encrypt
2024-11-12 11:07:33  [ main:133794 ] - [ DEBUG ] -- Current string => 00000000000000000000000000007edb2aeb74735d764fee9810e16b21a62bb4, the 13 block
2024-11-12 11:07:35  [ main:135574 ] - [ DEBUG ] -- Current string => 00000000000000000000000000ab7edb2aeb74735d764fee9810e16b21a62bb4, the 13 block
2024-11-12 11:07:38  [ main:138202 ] - [ DEBUG ] -- Current string => 000000000000000000000000e9ab7edb2aeb74735d764fee9810e16b21a62bb4, the 13 block
2024-11-12 11:07:39  [ main:139672 ] - [ DEBUG ] -- Current string => 00000000000000000000008ee9ab7edb2aeb74735d764fee9810e16b21a62bb4, the 13 block
2024-11-12 11:07:41  [ main:141297 ] - [ DEBUG ] -- Current string => 000000000000000000009c8ee9ab7edb2aeb74735d764fee9810e16b21a62bb4, the 13 block
2024-11-12 11:07:42  [ main:142177 ] - [ DEBUG ] -- Current string => 000000000000000000499c8ee9ab7edb2aeb74735d764fee9810e16b21a62bb4, the 13 block
2024-11-12 11:07:43  [ main:143484 ] - [ DEBUG ] -- Current string => 00000000000000007a499c8ee9ab7edb2aeb74735d764fee9810e16b21a62bb4, the 13 block
2024-11-12 11:07:45  [ main:145202 ] - [ DEBUG ] -- Current string => 00000000000000967a499c8ee9ab7edb2aeb74735d764fee9810e16b21a62bb4, the 13 block
2024-11-12 11:07:45  [ main:145385 ] - [ DEBUG ] -- Current string => 00000000000004967a499c8ee9ab7edb2aeb74735d764fee9810e16b21a62bb4, the 13 block
2024-11-12 11:07:47  [ main:148004 ] - [ DEBUG ] -- Current string => 0000000000d904967a499c8ee9ab7edb2aeb74735d764fee9810e16b21a62bb4, the 13 block
2024-11-12 11:07:49  [ main:149115 ] - [ DEBUG ] -- Current string => 000000006fd904967a499c8ee9ab7edb2aeb74735d764fee9810e16b21a62bb4, the 13 block
2024-11-12 11:07:51  [ main:151154 ] - [ DEBUG ] -- Current string => 000000bb6fd904967a499c8ee9ab7edb2aeb74735d764fee9810e16b21a62bb4, the 13 block
2024-11-12 11:07:52  [ main:152800 ] - [ DEBUG ] -- Current string => 000092bb6fd904967a499c8ee9ab7edb2aeb74735d764fee9810e16b21a62bb4, the 13 block
2024-11-12 11:07:54  [ main:154219 ] - [ DEBUG ] -- Current string => 008d92bb6fd904967a499c8ee9ab7edb2aeb74735d764fee9810e16b21a62bb4, the 13 block
2024-11-12 11:07:56  [ main:156616 ] - [ DEBUG ] -- Current string => c18d92bb6fd904967a499c8ee9ab7edb2aeb74735d764fee9810e16b21a62bb4, the 13 block
2024-11-12 11:07:56  [ main:156616 ] - [ INFO ] -- Left 12 blocks to encrypt
2024-11-12 11:08:00  [ main:160279 ] - [ DEBUG ] -- Current string => 00000000000000000000000000004402ace4bcc80aab72f30867ceeb84c40abe, the 12 block
2024-11-12 11:08:02  [ main:162624 ] - [ DEBUG ] -- Current string => 00000000000000000000000000be4402ace4bcc80aab72f30867ceeb84c40abe, the 12 block
2024-11-12 11:08:02  [ main:162773 ] - [ DEBUG ] -- Current string => 0000000000000000000000000abe4402ace4bcc80aab72f30867ceeb84c40abe, the 12 block
2024-11-12 11:08:05  [ main:165113 ] - [ DEBUG ] -- Current string => 0000000000000000000000de0abe4402ace4bcc80aab72f30867ceeb84c40abe, the 12 block
2024-11-12 11:08:05  [ main:165465 ] - [ DEBUG ] -- Current string => 0000000000000000000018de0abe4402ace4bcc80aab72f30867ceeb84c40abe, the 12 block
2024-11-12 11:08:06  [ main:166754 ] - [ DEBUG ] -- Current string => 0000000000000000007218de0abe4402ace4bcc80aab72f30867ceeb84c40abe, the 12 block
2024-11-12 11:08:06  [ main:166874 ] - [ DEBUG ] -- Current string => 0000000000000000027218de0abe4402ace4bcc80aab72f30867ceeb84c40abe, the 12 block
2024-11-12 11:08:07  [ main:168027 ] - [ DEBUG ] -- Current string => 000000000000006e027218de0abe4402ace4bcc80aab72f30867ceeb84c40abe, the 12 block
2024-11-12 11:08:08  [ main:168205 ] - [ DEBUG ] -- Current string => 0000000000001a6e027218de0abe4402ace4bcc80aab72f30867ceeb84c40abe, the 12 block
2024-11-12 11:08:10  [ main:170649 ] - [ DEBUG ] -- Current string => 0000000000d41a6e027218de0abe4402ace4bcc80aab72f30867ceeb84c40abe, the 12 block
2024-11-12 11:08:13  [ main:173113 ] - [ DEBUG ] -- Current string => 00000000ead41a6e027218de0abe4402ace4bcc80aab72f30867ceeb84c40abe, the 12 block
2024-11-12 11:08:14  [ main:174616 ] - [ DEBUG ] -- Current string => 00000076ead41a6e027218de0abe4402ace4bcc80aab72f30867ceeb84c40abe, the 12 block
2024-11-12 11:08:17  [ main:177223 ] - [ DEBUG ] -- Current string => 0000ec76ead41a6e027218de0abe4402ace4bcc80aab72f30867ceeb84c40abe, the 12 block
2024-11-12 11:08:19  [ main:179195 ] - [ DEBUG ] -- Current string => 00bbec76ead41a6e027218de0abe4402ace4bcc80aab72f30867ceeb84c40abe, the 12 block
2024-11-12 11:08:19  [ main:179675 ] - [ DEBUG ] -- Current string => 3bbbec76ead41a6e027218de0abe4402ace4bcc80aab72f30867ceeb84c40abe, the 12 block
2024-11-12 11:08:19  [ main:179676 ] - [ INFO ] -- Left 11 blocks to encrypt
2024-11-12 11:08:25  [ main:186016 ] - [ DEBUG ] -- Current string => 0000000000000000000000000000b57e3bbbee74ead4621c026e72bf7cdf6a70, the 11 block
2024-11-12 11:08:26  [ main:186866 ] - [ DEBUG ] -- Current string => 0000000000000000000000000044b57e3bbbee74ead4621c026e72bf7cdf6a70, the 11 block
2024-11-12 11:08:29  [ main:189161 ] - [ DEBUG ] -- Current string => 000000000000000000000000af44b57e3bbbee74ead4621c026e72bf7cdf6a70, the 11 block
2024-11-12 11:08:30  [ main:190663 ] - [ DEBUG ] -- Current string => 000000000000000000000088af44b57e3bbbee74ead4621c026e72bf7cdf6a70, the 11 block
2024-11-12 11:08:31  [ main:191726 ] - [ DEBUG ] -- Current string => 000000000000000000006288af44b57e3bbbee74ead4621c026e72bf7cdf6a70, the 11 block
2024-11-12 11:08:34  [ main:194185 ] - [ DEBUG ] -- Current string => 000000000000000000db6288af44b57e3bbbee74ead4621c026e72bf7cdf6a70, the 11 block
2024-11-12 11:08:35  [ main:195253 ] - [ DEBUG ] -- Current string => 00000000000000006cdb6288af44b57e3bbbee74ead4621c026e72bf7cdf6a70, the 11 block
2024-11-12 11:08:37  [ main:197212 ] - [ DEBUG ] -- Current string => 00000000000000b96cdb6288af44b57e3bbbee74ead4621c026e72bf7cdf6a70, the 11 block
2024-11-12 11:08:37  [ main:197993 ] - [ DEBUG ] -- Current string => 00000000000042b96cdb6288af44b57e3bbbee74ead4621c026e72bf7cdf6a70, the 11 block
2024-11-12 11:08:38  [ main:198397 ] - [ DEBUG ] -- Current string => 00000000002d42b96cdb6288af44b57e3bbbee74ead4621c026e72bf7cdf6a70, the 11 block
2024-11-12 11:08:39  [ main:199097 ] - [ DEBUG ] -- Current string => 000000004d2d42b96cdb6288af44b57e3bbbee74ead4621c026e72bf7cdf6a70, the 11 block
2024-11-12 11:08:40  [ main:200088 ] - [ DEBUG ] -- Current string => 000000504d2d42b96cdb6288af44b57e3bbbee74ead4621c026e72bf7cdf6a70, the 11 block
2024-11-12 11:08:40  [ main:200095 ] - [ DEBUG ] -- Current string => 00000e504d2d42b96cdb6288af44b57e3bbbee74ead4621c026e72bf7cdf6a70, the 11 block
2024-11-12 11:08:41  [ main:202004 ] - [ DEBUG ] -- Current string => 00820e504d2d42b96cdb6288af44b57e3bbbee74ead4621c026e72bf7cdf6a70, the 11 block
2024-11-12 11:08:43  [ main:203860 ] - [ DEBUG ] -- Current string => bc820e504d2d42b96cdb6288af44b57e3bbbee74ead4621c026e72bf7cdf6a70, the 11 block
2024-11-12 11:08:43  [ main:203860 ] - [ INFO ] -- Left 10 blocks to encrypt
2024-11-12 11:08:47  [ main:207898 ] - [ DEBUG ] -- Current string => 0000000000000000000000000000581cc8eb613e054c2cdd00be1088af44b57e, the 10 block
2024-11-12 11:08:48  [ main:208642 ] - [ DEBUG ] -- Current string => 0000000000000000000000000046581cc8eb613e054c2cdd00be1088af44b57e, the 10 block
2024-11-12 11:08:51  [ main:211105 ] - [ DEBUG ] -- Current string => 000000000000000000000000e946581cc8eb613e054c2cdd00be1088af44b57e, the 10 block
2024-11-12 11:08:53  [ main:213170 ] - [ DEBUG ] -- Current string => 0000000000000000000000c3e946581cc8eb613e054c2cdd00be1088af44b57e, the 10 block
2024-11-12 11:08:54  [ main:214536 ] - [ DEBUG ] -- Current string => 0000000000000000000079c3e946581cc8eb613e054c2cdd00be1088af44b57e, the 10 block
2024-11-12 11:08:56  [ main:216765 ] - [ DEBUG ] -- Current string => 000000000000000000d579c3e946581cc8eb613e054c2cdd00be1088af44b57e, the 10 block
2024-11-12 11:08:58  [ main:218085 ] - [ DEBUG ] -- Current string => 000000000000000072d579c3e946581cc8eb613e054c2cdd00be1088af44b57e, the 10 block
2024-11-12 11:08:58  [ main:218281 ] - [ DEBUG ] -- Current string => 000000000000001872d579c3e946581cc8eb613e054c2cdd00be1088af44b57e, the 10 block
2024-11-12 11:09:01  [ main:221092 ] - [ DEBUG ] -- Current string => 000000000000ee1872d579c3e946581cc8eb613e054c2cdd00be1088af44b57e, the 10 block
2024-11-12 11:09:01  [ main:221240 ] - [ DEBUG ] -- Current string => 000000000006ee1872d579c3e946581cc8eb613e054c2cdd00be1088af44b57e, the 10 block
2024-11-12 11:09:04  [ main:224092 ] - [ DEBUG ] -- Current string => 00000000f106ee1872d579c3e946581cc8eb613e054c2cdd00be1088af44b57e, the 10 block
2024-11-12 11:09:04  [ main:224131 ] - [ DEBUG ] -- Current string => 0000000ef106ee1872d579c3e946581cc8eb613e054c2cdd00be1088af44b57e, the 10 block
2024-11-12 11:09:06  [ main:226203 ] - [ DEBUG ] -- Current string => 0000cf0ef106ee1872d579c3e946581cc8eb613e054c2cdd00be1088af44b57e, the 10 block
2024-11-12 11:09:07  [ main:227671 ] - [ DEBUG ] -- Current string => 0088cf0ef106ee1872d579c3e946581cc8eb613e054c2cdd00be1088af44b57e, the 10 block
2024-11-12 11:09:08  [ main:228240 ] - [ DEBUG ] -- Current string => 2688cf0ef106ee1872d579c3e946581cc8eb613e054c2cdd00be1088af44b57e, the 10 block
2024-11-12 11:09:08  [ main:228240 ] - [ INFO ] -- Left 9 blocks to encrypt
2024-11-12 11:09:13  [ main:233425 ] - [ DEBUG ] -- Current string => 00000000000000000000000000006c7d4be7bb6bbe64847d11a130ad9f293b7d, the 9 block
2024-11-12 11:09:15  [ main:235408 ] - [ DEBUG ] -- Current string => 00000000000000000000000000b46c7d4be7bb6bbe64847d11a130ad9f293b7d, the 9 block
2024-11-12 11:09:17  [ main:237688 ] - [ DEBUG ] -- Current string => 000000000000000000000000d2b46c7d4be7bb6bbe64847d11a130ad9f293b7d, the 9 block
2024-11-12 11:09:17  [ main:238035 ] - [ DEBUG ] -- Current string => 00000000000000000000001ad2b46c7d4be7bb6bbe64847d11a130ad9f293b7d, the 9 block
2024-11-12 11:09:20  [ main:240163 ] - [ DEBUG ] -- Current string => 00000000000000000000ce1ad2b46c7d4be7bb6bbe64847d11a130ad9f293b7d, the 9 block
2024-11-12 11:09:20  [ main:240428 ] - [ DEBUG ] -- Current string => 0000000000000000001fce1ad2b46c7d4be7bb6bbe64847d11a130ad9f293b7d, the 9 block
2024-11-12 11:09:21  [ main:241308 ] - [ DEBUG ] -- Current string => 00000000000000005a1fce1ad2b46c7d4be7bb6bbe64847d11a130ad9f293b7d, the 9 block
2024-11-12 11:09:23  [ main:243341 ] - [ DEBUG ] -- Current string => 00000000000000b55a1fce1ad2b46c7d4be7bb6bbe64847d11a130ad9f293b7d, the 9 block
2024-11-12 11:09:25  [ main:245189 ] - [ DEBUG ] -- Current string => 000000000000a1b55a1fce1ad2b46c7d4be7bb6bbe64847d11a130ad9f293b7d, the 9 block
2024-11-12 11:09:27  [ main:247305 ] - [ DEBUG ] -- Current string => 0000000000c3a1b55a1fce1ad2b46c7d4be7bb6bbe64847d11a130ad9f293b7d, the 9 block
2024-11-12 11:09:27  [ main:247911 ] - [ DEBUG ] -- Current string => 000000003ac3a1b55a1fce1ad2b46c7d4be7bb6bbe64847d11a130ad9f293b7d, the 9 block
2024-11-12 11:09:28  [ main:249042 ] - [ DEBUG ] -- Current string => 0000006a3ac3a1b55a1fce1ad2b46c7d4be7bb6bbe64847d11a130ad9f293b7d, the 9 block
2024-11-12 11:09:31  [ main:251141 ] - [ DEBUG ] -- Current string => 0000b56a3ac3a1b55a1fce1ad2b46c7d4be7bb6bbe64847d11a130ad9f293b7d, the 9 block
2024-11-12 11:09:33  [ main:253794 ] - [ DEBUG ] -- Current string => 00f7b56a3ac3a1b55a1fce1ad2b46c7d4be7bb6bbe64847d11a130ad9f293b7d, the 9 block
2024-11-12 11:09:34  [ main:254574 ] - [ DEBUG ] -- Current string => 52f7b56a3ac3a1b55a1fce1ad2b46c7d4be7bb6bbe64847d11a130ad9f293b7d, the 9 block
2024-11-12 11:09:34  [ main:254574 ] - [ INFO ] -- Left 8 blocks to encrypt
2024-11-12 11:09:40  [ main:260527 ] - [ DEBUG ] -- Current string => 00000000000000000000000000009f6524969b1857aa8fc63f6db87fa09a3e18, the 8 block
2024-11-12 11:09:42  [ main:262526 ] - [ DEBUG ] -- Current string => 00000000000000000000000000bb9f6524969b1857aa8fc63f6db87fa09a3e18, the 8 block
2024-11-12 11:09:43  [ main:263724 ] - [ DEBUG ] -- Current string => 0000000000000000000000006bbb9f6524969b1857aa8fc63f6db87fa09a3e18, the 8 block
2024-11-12 11:09:45  [ main:265563 ] - [ DEBUG ] -- Current string => 0000000000000000000000a36bbb9f6524969b1857aa8fc63f6db87fa09a3e18, the 8 block
2024-11-12 11:09:47  [ main:267829 ] - [ DEBUG ] -- Current string => 00000000000000000000cda36bbb9f6524969b1857aa8fc63f6db87fa09a3e18, the 8 block
2024-11-12 11:09:48  [ main:268355 ] - [ DEBUG ] -- Current string => 00000000000000000029cda36bbb9f6524969b1857aa8fc63f6db87fa09a3e18, the 8 block
2024-11-12 11:09:50  [ main:270093 ] - [ DEBUG ] -- Current string => 00000000000000009229cda36bbb9f6524969b1857aa8fc63f6db87fa09a3e18, the 8 block
2024-11-12 11:09:53  [ main:273149 ] - [ DEBUG ] -- Current string => 00000000000000f49229cda36bbb9f6524969b1857aa8fc63f6db87fa09a3e18, the 8 block
2024-11-12 11:09:54  [ main:274350 ] - [ DEBUG ] -- Current string => 00000000000078f49229cda36bbb9f6524969b1857aa8fc63f6db87fa09a3e18, the 8 block
2024-11-12 11:09:56  [ main:276912 ] - [ DEBUG ] -- Current string => 0000000000fb78f49229cda36bbb9f6524969b1857aa8fc63f6db87fa09a3e18, the 8 block
2024-11-12 11:09:58  [ main:279035 ] - [ DEBUG ] -- Current string => 00000000ccfb78f49229cda36bbb9f6524969b1857aa8fc63f6db87fa09a3e18, the 8 block
2024-11-12 11:10:00  [ main:280115 ] - [ DEBUG ] -- Current string => 00000069ccfb78f49229cda36bbb9f6524969b1857aa8fc63f6db87fa09a3e18, the 8 block
2024-11-12 11:10:01  [ main:281944 ] - [ DEBUG ] -- Current string => 0000a269ccfb78f49229cda36bbb9f6524969b1857aa8fc63f6db87fa09a3e18, the 8 block
2024-11-12 11:10:04  [ main:284638 ] - [ DEBUG ] -- Current string => 00d5a269ccfb78f49229cda36bbb9f6524969b1857aa8fc63f6db87fa09a3e18, the 8 block
2024-11-12 11:10:05  [ main:285941 ] - [ DEBUG ] -- Current string => 6cd5a269ccfb78f49229cda36bbb9f6524969b1857aa8fc63f6db87fa09a3e18, the 8 block
2024-11-12 11:10:05  [ main:285941 ] - [ INFO ] -- Left 7 blocks to encrypt
2024-11-12 11:10:10  [ main:291071 ] - [ DEBUG ] -- Current string => 0000000000000000000000000000727124b4cc0da09e0acfea59bed16b96f504, the 7 block
2024-11-12 11:10:11  [ main:291163 ] - [ DEBUG ] -- Current string => 000000000000000000000000000b727124b4cc0da09e0acfea59bed16b96f504, the 7 block
2024-11-12 11:10:13  [ main:293686 ] - [ DEBUG ] -- Current string => 000000000000000000000000ec0b727124b4cc0da09e0acfea59bed16b96f504, the 7 block
2024-11-12 11:10:15  [ main:295751 ] - [ DEBUG ] -- Current string => 0000000000000000000000c6ec0b727124b4cc0da09e0acfea59bed16b96f504, the 7 block
2024-11-12 11:10:16  [ main:296703 ] - [ DEBUG ] -- Current string => 0000000000000000000050c6ec0b727124b4cc0da09e0acfea59bed16b96f504, the 7 block
2024-11-12 11:10:19  [ main:299225 ] - [ DEBUG ] -- Current string => 000000000000000000c650c6ec0b727124b4cc0da09e0acfea59bed16b96f504, the 7 block
2024-11-12 11:10:20  [ main:300512 ] - [ DEBUG ] -- Current string => 000000000000000054c650c6ec0b727124b4cc0da09e0acfea59bed16b96f504, the 7 block
2024-11-12 11:10:21  [ main:301832 ] - [ DEBUG ] -- Current string => 000000000000006854c650c6ec0b727124b4cc0da09e0acfea59bed16b96f504, the 7 block
2024-11-12 11:10:23  [ main:303133 ] - [ DEBUG ] -- Current string => 000000000000696854c650c6ec0b727124b4cc0da09e0acfea59bed16b96f504, the 7 block
2024-11-12 11:10:25  [ main:305347 ] - [ DEBUG ] -- Current string => 0000000000a5696854c650c6ec0b727124b4cc0da09e0acfea59bed16b96f504, the 7 block
2024-11-12 11:10:26  [ main:306717 ] - [ DEBUG ] -- Current string => 000000007da5696854c650c6ec0b727124b4cc0da09e0acfea59bed16b96f504, the 7 block
2024-11-12 11:10:28  [ main:308301 ] - [ DEBUG ] -- Current string => 0000009f7da5696854c650c6ec0b727124b4cc0da09e0acfea59bed16b96f504, the 7 block
2024-11-12 11:10:29  [ main:309350 ] - [ DEBUG ] -- Current string => 00006e9f7da5696854c650c6ec0b727124b4cc0da09e0acfea59bed16b96f504, the 7 block
2024-11-12 11:10:30  [ main:310922 ] - [ DEBUG ] -- Current string => 00866e9f7da5696854c650c6ec0b727124b4cc0da09e0acfea59bed16b96f504, the 7 block
2024-11-12 11:10:33  [ main:313462 ] - [ DEBUG ] -- Current string => c4866e9f7da5696854c650c6ec0b727124b4cc0da09e0acfea59bed16b96f504, the 7 block
2024-11-12 11:10:33  [ main:313462 ] - [ INFO ] -- Left 6 blocks to encrypt
2024-11-12 11:10:40  [ main:320695 ] - [ DEBUG ] -- Current string => 0000000000000000000000000000eab5a2ea0bfc098a200622a933a798621d1f, the 6 block
2024-11-12 11:10:43  [ main:323371 ] - [ DEBUG ] -- Current string => 00000000000000000000000000ffeab5a2ea0bfc098a200622a933a798621d1f, the 6 block
2024-11-12 11:10:43  [ main:323462 ] - [ DEBUG ] -- Current string => 0000000000000000000000000cffeab5a2ea0bfc098a200622a933a798621d1f, the 6 block
2024-11-12 11:10:45  [ main:325574 ] - [ DEBUG ] -- Current string => 0000000000000000000000a50cffeab5a2ea0bfc098a200622a933a798621d1f, the 6 block
2024-11-12 11:10:46  [ main:326567 ] - [ DEBUG ] -- Current string => 000000000000000000005aa50cffeab5a2ea0bfc098a200622a933a798621d1f, the 6 block
2024-11-12 11:10:47  [ main:327569 ] - [ DEBUG ] -- Current string => 000000000000000000675aa50cffeab5a2ea0bfc098a200622a933a798621d1f, the 6 block
2024-11-12 11:10:47  [ main:327590 ] - [ DEBUG ] -- Current string => 000000000000000009675aa50cffeab5a2ea0bfc098a200622a933a798621d1f, the 6 block
2024-11-12 11:10:49  [ main:329212 ] - [ DEBUG ] -- Current string => 000000000000009f09675aa50cffeab5a2ea0bfc098a200622a933a798621d1f, the 6 block
2024-11-12 11:10:50  [ main:330239 ] - [ DEBUG ] -- Current string => 0000000000006b9f09675aa50cffeab5a2ea0bfc098a200622a933a798621d1f, the 6 block
2024-11-12 11:10:50  [ main:330760 ] - [ DEBUG ] -- Current string => 0000000000256b9f09675aa50cffeab5a2ea0bfc098a200622a933a798621d1f, the 6 block
2024-11-12 11:10:52  [ main:332415 ] - [ DEBUG ] -- Current string => 0000000097256b9f09675aa50cffeab5a2ea0bfc098a200622a933a798621d1f, the 6 block
2024-11-12 11:10:53  [ main:333864 ] - [ DEBUG ] -- Current string => 0000008b97256b9f09675aa50cffeab5a2ea0bfc098a200622a933a798621d1f, the 6 block
2024-11-12 11:10:54  [ main:334829 ] - [ DEBUG ] -- Current string => 0000588b97256b9f09675aa50cffeab5a2ea0bfc098a200622a933a798621d1f, the 6 block
2024-11-12 11:10:55  [ main:336028 ] - [ DEBUG ] -- Current string => 007f588b97256b9f09675aa50cffeab5a2ea0bfc098a200622a933a798621d1f, the 6 block
2024-11-12 11:10:58  [ main:338937 ] - [ DEBUG ] -- Current string => fc7f588b97256b9f09675aa50cffeab5a2ea0bfc098a200622a933a798621d1f, the 6 block
2024-11-12 11:10:58  [ main:338938 ] - [ INFO ] -- Left 5 blocks to encrypt
2024-11-12 11:11:04  [ main:344256 ] - [ DEBUG ] -- Current string => 0000000000000000000000000000a232887f7dc7fd441dfe260b3bcb6bd098d0, the 5 block
2024-11-12 11:11:04  [ main:345064 ] - [ DEBUG ] -- Current string => 0000000000000000000000000042a232887f7dc7fd441dfe260b3bcb6bd098d0, the 5 block
2024-11-12 11:11:05  [ main:345811 ] - [ DEBUG ] -- Current string => 0000000000000000000000003a42a232887f7dc7fd441dfe260b3bcb6bd098d0, the 5 block
2024-11-12 11:11:07  [ main:347113 ] - [ DEBUG ] -- Current string => 00000000000000000000006c3a42a232887f7dc7fd441dfe260b3bcb6bd098d0, the 5 block
2024-11-12 11:11:08  [ main:348233 ] - [ DEBUG ] -- Current string => 00000000000000000000606c3a42a232887f7dc7fd441dfe260b3bcb6bd098d0, the 5 block
2024-11-12 11:11:08  [ main:348727 ] - [ DEBUG ] -- Current string => 00000000000000000028606c3a42a232887f7dc7fd441dfe260b3bcb6bd098d0, the 5 block
2024-11-12 11:11:09  [ main:349785 ] - [ DEBUG ] -- Current string => 00000000000000005728606c3a42a232887f7dc7fd441dfe260b3bcb6bd098d0, the 5 block
2024-11-12 11:11:11  [ main:351822 ] - [ DEBUG ] -- Current string => 00000000000000a35728606c3a42a232887f7dc7fd441dfe260b3bcb6bd098d0, the 5 block
2024-11-12 11:11:12  [ main:352907 ] - [ DEBUG ] -- Current string => 00000000000058a35728606c3a42a232887f7dc7fd441dfe260b3bcb6bd098d0, the 5 block
2024-11-12 11:11:15  [ main:355519 ] - [ DEBUG ] -- Current string => 0000000000fc58a35728606c3a42a232887f7dc7fd441dfe260b3bcb6bd098d0, the 5 block
2024-11-12 11:11:18  [ main:358085 ] - [ DEBUG ] -- Current string => 00000000fefc58a35728606c3a42a232887f7dc7fd441dfe260b3bcb6bd098d0, the 5 block
2024-11-12 11:11:19  [ main:359275 ] - [ DEBUG ] -- Current string => 00000060fefc58a35728606c3a42a232887f7dc7fd441dfe260b3bcb6bd098d0, the 5 block
2024-11-12 11:11:19  [ main:359418 ] - [ DEBUG ] -- Current string => 00000260fefc58a35728606c3a42a232887f7dc7fd441dfe260b3bcb6bd098d0, the 5 block
2024-11-12 11:11:21  [ main:361765 ] - [ DEBUG ] -- Current string => 00d20260fefc58a35728606c3a42a232887f7dc7fd441dfe260b3bcb6bd098d0, the 5 block
2024-11-12 11:11:22  [ main:362576 ] - [ DEBUG ] -- Current string => 5dd20260fefc58a35728606c3a42a232887f7dc7fd441dfe260b3bcb6bd098d0, the 5 block
2024-11-12 11:11:22  [ main:362576 ] - [ INFO ] -- Left 4 blocks to encrypt
2024-11-12 11:11:29  [ main:369118 ] - [ DEBUG ] -- Current string => 00000000000000000000000000009c8e243325bade3048e09c2a606d7642a35a, the 4 block
2024-11-12 11:11:31  [ main:371314 ] - [ DEBUG ] -- Current string => 00000000000000000000000000cc9c8e243325bade3048e09c2a606d7642a35a, the 4 block
2024-11-12 11:11:31  [ main:371869 ] - [ DEBUG ] -- Current string => 00000000000000000000000037cc9c8e243325bade3048e09c2a606d7642a35a, the 4 block
2024-11-12 11:11:32  [ main:372927 ] - [ DEBUG ] -- Current string => 00000000000000000000006637cc9c8e243325bade3048e09c2a606d7642a35a, the 4 block
2024-11-12 11:11:35  [ main:375297 ] - [ DEBUG ] -- Current string => 00000000000000000000d96637cc9c8e243325bade3048e09c2a606d7642a35a, the 4 block
2024-11-12 11:11:36  [ main:376765 ] - [ DEBUG ] -- Current string => 00000000000000000080d96637cc9c8e243325bade3048e09c2a606d7642a35a, the 4 block
2024-11-12 11:11:37  [ main:377743 ] - [ DEBUG ] -- Current string => 00000000000000004380d96637cc9c8e243325bade3048e09c2a606d7642a35a, the 4 block
2024-11-12 11:11:39  [ main:379955 ] - [ DEBUG ] -- Current string => 00000000000000a74380d96637cc9c8e243325bade3048e09c2a606d7642a35a, the 4 block
2024-11-12 11:11:41  [ main:381688 ] - [ DEBUG ] -- Current string => 000000000000a8a74380d96637cc9c8e243325bade3048e09c2a606d7642a35a, the 4 block
2024-11-12 11:11:41  [ main:381928 ] - [ DEBUG ] -- Current string => 00000000001da8a74380d96637cc9c8e243325bade3048e09c2a606d7642a35a, the 4 block
2024-11-12 11:11:44  [ main:384270 ] - [ DEBUG ] -- Current string => 00000000d21da8a74380d96637cc9c8e243325bade3048e09c2a606d7642a35a, the 4 block
2024-11-12 11:11:45  [ main:385801 ] - [ DEBUG ] -- Current string => 0000009fd21da8a74380d96637cc9c8e243325bade3048e09c2a606d7642a35a, the 4 block
2024-11-12 11:11:48  [ main:388138 ] - [ DEBUG ] -- Current string => 0000ee9fd21da8a74380d96637cc9c8e243325bade3048e09c2a606d7642a35a, the 4 block
2024-11-12 11:11:49  [ main:389303 ] - [ DEBUG ] -- Current string => 0063ee9fd21da8a74380d96637cc9c8e243325bade3048e09c2a606d7642a35a, the 4 block
2024-11-12 11:11:49  [ main:389622 ] - [ DEBUG ] -- Current string => 0d63ee9fd21da8a74380d96637cc9c8e243325bade3048e09c2a606d7642a35a, the 4 block
2024-11-12 11:11:49  [ main:389680 ] - [ INFO ] -- Left 3 blocks to encrypt
2024-11-12 11:11:55  [ main:395389 ] - [ DEBUG ] -- Current string => 00000000000000000000000000000ded6c0d89b1a078cecb26e3ad4867bef3f6, the 3 block
2024-11-12 11:11:57  [ main:397399 ] - [ DEBUG ] -- Current string => 00000000000000000000000000c30ded6c0d89b1a078cecb26e3ad4867bef3f6, the 3 block
2024-11-12 11:11:59  [ main:399519 ] - [ DEBUG ] -- Current string => 000000000000000000000000c8c30ded6c0d89b1a078cecb26e3ad4867bef3f6, the 3 block
2024-11-12 11:12:01  [ main:401485 ] - [ DEBUG ] -- Current string => 0000000000000000000000b1c8c30ded6c0d89b1a078cecb26e3ad4867bef3f6, the 3 block
2024-11-12 11:12:02  [ main:402388 ] - [ DEBUG ] -- Current string => 0000000000000000000050b1c8c30ded6c0d89b1a078cecb26e3ad4867bef3f6, the 3 block
2024-11-12 11:12:04  [ main:405048 ] - [ DEBUG ] -- Current string => 000000000000000000fa50b1c8c30ded6c0d89b1a078cecb26e3ad4867bef3f6, the 3 block
2024-11-12 11:12:06  [ main:406956 ] - [ DEBUG ] -- Current string => 0000000000000000bffa50b1c8c30ded6c0d89b1a078cecb26e3ad4867bef3f6, the 3 block
2024-11-12 11:12:08  [ main:408788 ] - [ DEBUG ] -- Current string => 00000000000000a3bffa50b1c8c30ded6c0d89b1a078cecb26e3ad4867bef3f6, the 3 block
2024-11-12 11:12:09  [ main:409473 ] - [ DEBUG ] -- Current string => 0000000000004ba3bffa50b1c8c30ded6c0d89b1a078cecb26e3ad4867bef3f6, the 3 block
2024-11-12 11:12:09  [ main:409601 ] - [ DEBUG ] -- Current string => 0000000000004ba3bffa50b1c8c30ded6c0d89b1a078cecb26e3ad4867bef3f6, the 3 block
2024-11-12 11:12:09  [ main:409785 ] - [ DEBUG ] -- Current string => 000000001d004ba3bffa50b1c8c30ded6c0d89b1a078cecb26e3ad4867bef3f6, the 3 block
2024-11-12 11:12:10  [ main:410356 ] - [ DEBUG ] -- Current string => 0000003f1d004ba3bffa50b1c8c30ded6c0d89b1a078cecb26e3ad4867bef3f6, the 3 block
2024-11-12 11:12:10  [ main:410791 ] - [ DEBUG ] -- Current string => 0000263f1d004ba3bffa50b1c8c30ded6c0d89b1a078cecb26e3ad4867bef3f6, the 3 block
2024-11-12 11:12:12  [ main:412313 ] - [ DEBUG ] -- Current string => 0086263f1d004ba3bffa50b1c8c30ded6c0d89b1a078cecb26e3ad4867bef3f6, the 3 block
2024-11-12 11:12:12  [ main:412686 ] - [ DEBUG ] -- Current string => 3286263f1d004ba3bffa50b1c8c30ded6c0d89b1a078cecb26e3ad4867bef3f6, the 3 block
2024-11-12 11:12:12  [ main:412686 ] - [ INFO ] -- Left 2 blocks to encrypt
2024-11-12 11:12:20  [ main:420078 ] - [ DEBUG ] -- Current string => 0000000000000000000000000000e6c655ef554b6f7933d1bfed3ad0bea22381, the 2 block
2024-11-12 11:12:21  [ main:422025 ] - [ DEBUG ] -- Current string => 000000000000000000000000009ee6c655ef554b6f7933d1bfed3ad0bea22381, the 2 block
2024-11-12 11:12:23  [ main:423416 ] - [ DEBUG ] -- Current string => 000000000000000000000000809ee6c655ef554b6f7933d1bfed3ad0bea22381, the 2 block
2024-11-12 11:12:25  [ main:425530 ] - [ DEBUG ] -- Current string => 0000000000000000000000ce809ee6c655ef554b6f7933d1bfed3ad0bea22381, the 2 block
2024-11-12 11:12:25  [ main:425689 ] - [ DEBUG ] -- Current string => 0000000000000000000008ce809ee6c655ef554b6f7933d1bfed3ad0bea22381, the 2 block
2024-11-12 11:12:26  [ main:426551 ] - [ DEBUG ] -- Current string => 0000000000000000004d08ce809ee6c655ef554b6f7933d1bfed3ad0bea22381, the 2 block
2024-11-12 11:12:26  [ main:426622 ] - [ DEBUG ] -- Current string => 00000000000000000e4d08ce809ee6c655ef554b6f7933d1bfed3ad0bea22381, the 2 block
2024-11-12 11:12:27  [ main:427888 ] - [ DEBUG ] -- Current string => 00000000000000710e4d08ce809ee6c655ef554b6f7933d1bfed3ad0bea22381, the 2 block
2024-11-12 11:12:30  [ main:430319 ] - [ DEBUG ] -- Current string => 000000000000d7710e4d08ce809ee6c655ef554b6f7933d1bfed3ad0bea22381, the 2 block
2024-11-12 11:12:30  [ main:430995 ] - [ DEBUG ] -- Current string => 00000000004bd7710e4d08ce809ee6c655ef554b6f7933d1bfed3ad0bea22381, the 2 block
2024-11-12 11:12:32  [ main:432161 ] - [ DEBUG ] -- Current string => 000000007c4bd7710e4d08ce809ee6c655ef554b6f7933d1bfed3ad0bea22381, the 2 block
2024-11-12 11:12:32  [ main:432984 ] - [ DEBUG ] -- Current string => 000000417c4bd7710e4d08ce809ee6c655ef554b6f7933d1bfed3ad0bea22381, the 2 block
2024-11-12 11:12:33  [ main:433094 ] - [ DEBUG ] -- Current string => 000007417c4bd7710e4d08ce809ee6c655ef554b6f7933d1bfed3ad0bea22381, the 2 block
2024-11-12 11:12:33  [ main:433451 ] - [ DEBUG ] -- Current string => 002f07417c4bd7710e4d08ce809ee6c655ef554b6f7933d1bfed3ad0bea22381, the 2 block
2024-11-12 11:12:35  [ main:435133 ] - [ DEBUG ] -- Current string => b32f07417c4bd7710e4d08ce809ee6c655ef554b6f7933d1bfed3ad0bea22381, the 2 block
2024-11-12 11:12:35  [ main:435133 ] - [ INFO ] -- Left 1 blocks to encrypt
2024-11-12 11:12:41  [ main:441446 ] - [ DEBUG ] -- Current string => 0000000000000000000000000000ae809d5d6a285239b216673e7cbcf9b0b4a3, the 1 block
2024-11-12 11:12:43  [ main:443370 ] - [ DEBUG ] -- Current string => 00000000000000000000000000bbae809d5d6a285239b216673e7cbcf9b0b4a3, the 1 block
2024-11-12 11:12:44  [ main:444452 ] - [ DEBUG ] -- Current string => 00000000000000000000000066bbae809d5d6a285239b216673e7cbcf9b0b4a3, the 1 block
2024-11-12 11:12:45  [ main:445222 ] - [ DEBUG ] -- Current string => 00000000000000000000004266bbae809d5d6a285239b216673e7cbcf9b0b4a3, the 1 block
2024-11-12 11:12:46  [ main:446281 ] - [ DEBUG ] -- Current string => 00000000000000000000604266bbae809d5d6a285239b216673e7cbcf9b0b4a3, the 1 block
2024-11-12 11:12:48  [ main:448463 ] - [ DEBUG ] -- Current string => 000000000000000000c9604266bbae809d5d6a285239b216673e7cbcf9b0b4a3, the 1 block
2024-11-12 11:12:48  [ main:448720 ] - [ DEBUG ] -- Current string => 00000000000000001fc9604266bbae809d5d6a285239b216673e7cbcf9b0b4a3, the 1 block
2024-11-12 11:12:50  [ main:450903 ] - [ DEBUG ] -- Current string => 00000000000000a31fc9604266bbae809d5d6a285239b216673e7cbcf9b0b4a3, the 1 block
2024-11-12 11:12:52  [ main:452396 ] - [ DEBUG ] -- Current string => 00000000000085a31fc9604266bbae809d5d6a285239b216673e7cbcf9b0b4a3, the 1 block
2024-11-12 11:12:54  [ main:454673 ] - [ DEBUG ] -- Current string => 0000000000c085a31fc9604266bbae809d5d6a285239b216673e7cbcf9b0b4a3, the 1 block
2024-11-12 11:12:56  [ main:456445 ] - [ DEBUG ] -- Current string => 00000000adc085a31fc9604266bbae809d5d6a285239b216673e7cbcf9b0b4a3, the 1 block
2024-11-12 11:12:56  [ main:456655 ] - [ DEBUG ] -- Current string => 0000001fadc085a31fc9604266bbae809d5d6a285239b216673e7cbcf9b0b4a3, the 1 block
2024-11-12 11:12:58  [ main:458222 ] - [ DEBUG ] -- Current string => 00009a1fadc085a31fc9604266bbae809d5d6a285239b216673e7cbcf9b0b4a3, the 1 block
2024-11-12 11:12:58  [ main:458988 ] - [ DEBUG ] -- Current string => 00469a1fadc085a31fc9604266bbae809d5d6a285239b216673e7cbcf9b0b4a3, the 1 block
2024-11-12 11:12:59  [ main:459788 ] - [ DEBUG ] -- Current string => 5b469a1fadc085a31fc9604266bbae809d5d6a285239b216673e7cbcf9b0b4a3, the 1 block
2024-11-12 11:12:59  [ main:459788 ] - [ INFO ] -- Left 0 blocks to encrypt
2024-11-12 11:12:59  [ main:459788 ] - [ INFO ] -- Generate payload success, send request count => 40990
2024-11-12 11:12:59  [ main:459788 ] - [ INFO ] -- Result => 96uaGt69haMfyGBYDNrY4Z1daihSObIWZz58vPmwtKNV71VLb3kz0b/tOtC+oiOBbA2JsaB4zssm461IZ77z9iQzJbreMEjgnCpgbXZCo1qIf33H/UQd/iYLO8tr0JjQouoL/AmKIAYiqTOnmGIdHyS0zA2gngrP6lm+0WuW9QQklpsYV6qPxj9tuH+gmj4YS+e7a75khH0RoTCtnyk7fcjrYT4FTCzdAL4QiK9EtX47u+506tRiHAJucr9832pwrOS8yAqrcvMIZ87rhMQKvirrdHNddk/umBDhayGmK7SijW1+9UtMgNzOfEixs0o5QlKZbWsaqadQRzvgUYbEAdsPXQyxGWyZWUVefncUf7r/d7+d3Kre9VgYcvm+JjAEMjIyMjIyMjIyMjIyMjIyMg==
